2026.03.16 20:47:11 INFO  Started: Metals version 1.6.6 in folders '/Users/armandocelaya/Downloads/SE333/assignment5/SE333_ASSIGNMENT5' for client Visual Studio Code 1.111.0.
2026.03.16 20:47:11 INFO  Memory monitor started
2026.03.16 20:47:13 WARN  Using H2 2.4.240 which is newer than the version Flyway has been verified with. The latest verified version of H2 is 2.3.232.
2026.03.16 20:47:13 INFO  no build target found for /Users/armandocelaya/Downloads/SE333/assignment5/SE333_ASSIGNMENT5/src/main/java/org/example/Amazon/Amazon.java. Using fallback presentation compiler.
2026.03.16 20:47:14 INFO  no build target found for /Users/armandocelaya/Downloads/SE333/assignment5/SE333_ASSIGNMENT5/src/main/java/org/example/Amazon/Amazon.java. Using fallback presentation compiler.
2026.03.16 20:47:48 INFO  no build target found for /Users/armandocelaya/Downloads/SE333/assignment5/SE333_ASSIGNMENT5/src/main/java/org/example/Amazon/Amazon.java. Using fallback presentation compiler.
2026.03.16 20:47:49 INFO  no build target found for /Users/armandocelaya/Downloads/SE333/assignment5/SE333_ASSIGNMENT5/src/main/java/org/example/Amazon/Amazon.java. Using fallback presentation compiler.
2026.03.16 20:47:49 INFO  running '/Library/Java/JavaVirtualMachines/amazon-corretto-21.jdk/Contents/Home/bin/java -Dfile.encoding=UTF-8 -Dmaven.multiModuleProjectDirectory=/Users/armandocelaya/Downloads/SE333/assignment5/SE333_ASSIGNMENT5 -Dmaven.home=/var/folders/1z/t889_m2x1xqb6f2s754jfgl80000gn/T/metals14519278228223351596 -cp /var/folders/1z/t889_m2x1xqb6f2s754jfgl80000gn/T/metals14519278228223351596/maven-wrapper.jar org.apache.maven.wrapper.MavenWrapperMain generate-sources ch.epfl.scala:bloop-maven-plugin:2.0.3:bloopInstall -DdownloadSources=true'
2026.03.16 20:47:53 INFO  [INFO] Scanning for projects...
2026.03.16 20:47:53 INFO  [INFO] 
2026.03.16 20:47:53 INFO  [INFO] --------------------< org.example:Assignment5_code >--------------------
2026.03.16 20:47:53 INFO  [INFO] Building Assignment5_code 1.0-SNAPSHOT
2026.03.16 20:47:53 INFO  [INFO]   from pom.xml
2026.03.16 20:47:53 INFO  [INFO] --------------------------------[ jar ]---------------------------------
2026.03.16 20:47:53 INFO  [INFO] 
2026.03.16 20:47:53 INFO  [INFO] --- jacoco:0.8.10:prepare-agent (default-prepare-agent) @ Assignment5_code ---
2026.03.16 20:47:53 INFO  Downloading from central: https://repo.maven.apache.org/maven2/org/apache/maven/shared/file-management/1.2.1/file-management-1.2.1.pom
2026.03.16 20:47:55 INFO  Progress (1): 788 B
2026.03.16 20:47:55 INFO  Progress (1): 1.7 kB
2026.03.16 20:47:55 INFO  Progress (1): 3.9 kB
2026.03.16 20:47:55 INFO                      
2026.03.16 20:47:55 INFO  Downloaded from central: https://repo.maven.apache.org/maven2/org/apache/maven/shared/file-management/1.2.1/file-management-1.2.1.pom (3.9 kB at 4.5 kB/s)
2026.03.16 20:47:55 INFO  Downloading from central: https://repo.maven.apache.org/maven2/org/apache/maven/shared/maven-shared-components/10/maven-shared-components-10.pom
2026.03.16 20:47:55 INFO  Progress (1): 776 B
2026.03.16 20:47:55 INFO  Progress (1): 1.9 kB
2026.03.16 20:47:55 INFO  Progress (1): 6.0 kB
2026.03.16 20:47:55 INFO  Progress (1): 8.4 kB
2026.03.16 20:47:55 INFO                      
2026.03.16 20:47:55 INFO  Downloaded from central: https://repo.maven.apache.org/maven2/org/apache/maven/shared/maven-shared-components/10/maven-shared-components-10.pom (8.4 kB at 62 kB/s)
2026.03.16 20:47:55 INFO  Downloading from central: https://repo.maven.apache.org/maven2/org/apache/maven/maven-parent/9/maven-parent-9.pom
2026.03.16 20:47:55 INFO  Progress (1): 725 B
2026.03.16 20:47:55 INFO  Progress (1): 1.6 kB
2026.03.16 20:47:55 INFO  Progress (1): 4.9 kB
2026.03.16 20:47:55 INFO  Progress (1): 9.8 kB
2026.03.16 20:47:55 INFO  Progress (1): 13 kB 
2026.03.16 20:47:55 INFO  Progress (1): 15 kB
2026.03.16 20:47:55 INFO  Progress (1): 17 kB
2026.03.16 20:47:55 INFO  Progress (1): 21 kB
2026.03.16 20:47:55 INFO  Progress (1): 25 kB
2026.03.16 20:47:55 INFO  Progress (1): 30 kB
2026.03.16 20:47:55 INFO  Progress (1): 33 kB
2026.03.16 20:47:55 INFO                     
2026.03.16 20:47:55 INFO  Downloaded from central: https://repo.maven.apache.org/maven2/org/apache/maven/maven-parent/9/maven-parent-9.pom (33 kB at 538 kB/s)
2026.03.16 20:47:55 INFO  Downloading from central: https://repo.maven.apache.org/maven2/org/apache/maven/shared/maven-shared-io/1.1/maven-shared-io-1.1.pom
2026.03.16 20:47:55 INFO  Progress (1): 813 B
2026.03.16 20:47:55 INFO  Progress (1): 1.8 kB
2026.03.16 20:47:55 INFO  Progress (1): 4.1 kB
2026.03.16 20:47:55 INFO                      
2026.03.16 20:47:55 INFO  Downloaded from central: https://repo.maven.apache.org/maven2/org/apache/maven/shared/maven-shared-io/1.1/maven-shared-io-1.1.pom (4.1 kB at 97 kB/s)
2026.03.16 20:47:55 INFO  Downloading from central: https://repo.maven.apache.org/maven2/org/apache/maven/shared/maven-shared-components/8/maven-shared-components-8.pom
2026.03.16 20:47:55 INFO  Progress (1): 1.4 kB
2026.03.16 20:47:55 INFO  Progress (1): 2.7 kB
2026.03.16 20:47:55 INFO                      
2026.03.16 20:47:55 INFO  Downloaded from central: https://repo.maven.apache.org/maven2/org/apache/maven/shared/maven-shared-components/8/maven-shared-components-8.pom (2.7 kB at 79 kB/s)
2026.03.16 20:47:55 INFO  Downloading from central: https://repo.maven.apache.org/maven2/org/apache/maven/maven-parent/7/maven-parent-7.pom
2026.03.16 20:47:55 INFO  Progress (1): 751 B
2026.03.16 20:47:55 INFO  Progress (1): 1.6 kB
2026.03.16 20:47:55 INFO  Progress (1): 3.8 kB
2026.03.16 20:47:55 INFO  Progress (1): 6.7 kB
2026.03.16 20:47:55 INFO  Progress (1): 9.3 kB
2026.03.16 20:47:55 INFO  Progress (1): 13 kB 
2026.03.16 20:47:55 INFO  Progress (1): 18 kB
2026.03.16 20:47:55 INFO  Progress (1): 21 kB
2026.03.16 20:47:55 INFO  Progress (1): 21 kB
2026.03.16 20:47:55 INFO                     
2026.03.16 20:47:55 INFO  Downloaded from central: https://repo.maven.apache.org/maven2/org/apache/maven/maven-parent/7/maven-parent-7.pom (21 kB at 545 kB/s)
2026.03.16 20:47:55 INFO  Downloading from central: https://repo.maven.apache.org/maven2/org/apache/maven/maven-artifact/2.0.2/maven-artifact-2.0.2.pom
2026.03.16 20:47:55 INFO  Progress (1): 765 B
2026.03.16 20:47:55 INFO                     
2026.03.16 20:47:55 INFO  Downloaded from central: https://repo.maven.apache.org/maven2/org/apache/maven/maven-artifact/2.0.2/maven-artifact-2.0.2.pom (765 B at 20 kB/s)
2026.03.16 20:47:55 INFO  Downloading from central: https://repo.maven.apache.org/maven2/org/apache/maven/maven/2.0.2/maven-2.0.2.pom
2026.03.16 20:47:55 INFO  Progress (1): 903 B
2026.03.16 20:47:55 INFO  Progress (1): 2.8 kB
2026.03.16 20:47:55 INFO  Progress (1): 7.1 kB
2026.03.16 20:47:55 INFO  Progress (1): 12 kB 
2026.03.16 20:47:55 INFO  Progress (1): 13 kB
2026.03.16 20:47:55 INFO                     
2026.03.16 20:47:55 INFO  Downloaded from central: https://repo.maven.apache.org/maven2/org/apache/maven/maven/2.0.2/maven-2.0.2.pom (13 kB at 366 kB/s)
2026.03.16 20:47:55 INFO  Downloading from central: https://repo.maven.apache.org/maven2/org/codehaus/plexus/plexus-utils/1.1/plexus-utils-1.1.pom
2026.03.16 20:47:55 INFO  Progress (1): 767 B
2026.03.16 20:47:55 INFO                     
2026.03.16 20:47:55 INFO  Downloaded from central: https://repo.maven.apache.org/maven2/org/codehaus/plexus/plexus-utils/1.1/plexus-utils-1.1.pom (767 B at 17 kB/s)
2026.03.16 20:47:55 INFO  Downloading from central: https://repo.maven.apache.org/maven2/org/apache/maven/maven-artifact-manager/2.0.2/maven-artifact-manager-2.0.2.pom
2026.03.16 20:47:55 INFO  Progress (1): 1.4 kB
2026.03.16 20:47:55 INFO                      
2026.03.16 20:47:55 INFO  Downloaded from central: https://repo.maven.apache.org/maven2/org/apache/maven/maven-artifact-manager/2.0.2/maven-artifact-manager-2.0.2.pom (1.4 kB at 13 kB/s)
2026.03.16 20:47:55 INFO  Downloading from central: https://repo.maven.apache.org/maven2/org/apache/maven/maven-repository-metadata/2.0.2/maven-repository-metadata-2.0.2.pom
2026.03.16 20:47:55 INFO  Progress (1): 1.3 kB
2026.03.16 20:47:55 INFO                      
2026.03.16 20:47:55 INFO  Downloaded from central: https://repo.maven.apache.org/maven2/org/apache/maven/maven-repository-metadata/2.0.2/maven-repository-metadata-2.0.2.pom (1.3 kB at 36 kB/s)
2026.03.16 20:47:55 INFO  Downloading from central: https://repo.maven.apache.org/maven2/org/apache/maven/wagon/wagon-provider-api/1.0-alpha-6/wagon-provider-api-1.0-alpha-6.pom
2026.03.16 20:47:55 INFO  Progress (1): 588 B
2026.03.16 20:47:55 INFO                     
2026.03.16 20:47:55 INFO  Downloaded from central: https://repo.maven.apache.org/maven2/org/apache/maven/wagon/wagon-provider-api/1.0-alpha-6/wagon-provider-api-1.0-alpha-6.pom (588 B at 13 kB/s)
2026.03.16 20:47:55 INFO  Downloading from central: https://repo.maven.apache.org/maven2/org/apache/maven/wagon/wagon/1.0-alpha-6/wagon-1.0-alpha-6.pom
2026.03.16 20:47:55 INFO  Progress (1): 1.2 kB
2026.03.16 20:47:55 INFO  Progress (1): 2.9 kB
2026.03.16 20:47:55 INFO  Progress (1): 6.4 kB
2026.03.16 20:47:55 INFO                      
2026.03.16 20:47:55 INFO  Downloaded from central: https://repo.maven.apache.org/maven2/org/apache/maven/wagon/wagon/1.0-alpha-6/wagon-1.0-alpha-6.pom (6.4 kB at 152 kB/s)
2026.03.16 20:47:55 INFO  Downloading from central: https://repo.maven.apache.org/maven2/org/codehaus/plexus/plexus-utils/1.4.6/plexus-utils-1.4.6.pom
2026.03.16 20:47:55 INFO  Progress (1): 1.2 kB
2026.03.16 20:47:55 INFO  Progress (1): 2.3 kB
2026.03.16 20:47:55 INFO                      
2026.03.16 20:47:55 INFO  Downloaded from central: https://repo.maven.apache.org/maven2/org/codehaus/plexus/plexus-utils/1.4.6/plexus-utils-1.4.6.pom (2.3 kB at 67 kB/s)
2026.03.16 20:47:55 INFO  Downloading from central: https://repo.maven.apache.org/maven2/org/codehaus/plexus/plexus-utils/1.5.6/plexus-utils-1.5.6.pom
2026.03.16 20:47:56 INFO  Progress (1): 1.4 kB
2026.03.16 20:47:56 INFO  Progress (1): 3.4 kB
2026.03.16 20:47:56 INFO  Progress (1): 5.3 kB
2026.03.16 20:47:56 INFO                      
2026.03.16 20:47:56 INFO  Downloaded from central: https://repo.maven.apache.org/maven2/org/codehaus/plexus/plexus-utils/1.5.6/plexus-utils-1.5.6.pom (5.3 kB at 156 kB/s)
2026.03.16 20:47:56 INFO  Downloading from central: https://repo.maven.apache.org/maven2/org/codehaus/plexus/plexus/1.0.12/plexus-1.0.12.pom
2026.03.16 20:47:56 INFO  Progress (1): 1.2 kB
2026.03.16 20:47:56 INFO  Progress (1): 4.1 kB
2026.03.16 20:47:56 INFO  Progress (1): 7.3 kB
2026.03.16 20:47:56 INFO  Progress (1): 9.8 kB
2026.03.16 20:47:56 INFO  Progress (1): 9.8 kB
2026.03.16 20:47:56 INFO                      
2026.03.16 20:47:56 INFO  Downloaded from central: https://repo.maven.apache.org/maven2/org/codehaus/plexus/plexus/1.0.12/plexus-1.0.12.pom (9.8 kB at 251 kB/s)
2026.03.16 20:47:56 INFO  Downloading from central: https://repo.maven.apache.org/maven2/org/jacoco/org.jacoco.agent/0.8.10/org.jacoco.agent-0.8.10.pom
2026.03.16 20:47:56 INFO  Progress (1): 884 B
2026.03.16 20:47:56 INFO  Progress (1): 3.5 kB
2026.03.16 20:47:56 INFO  Progress (1): 3.5 kB
2026.03.16 20:47:56 INFO                      
2026.03.16 20:47:56 INFO  Downloaded from central: https://repo.maven.apache.org/maven2/org/jacoco/org.jacoco.agent/0.8.10/org.jacoco.agent-0.8.10.pom (3.5 kB at 45 kB/s)
2026.03.16 20:47:56 INFO  Downloading from central: https://repo.maven.apache.org/maven2/org/jacoco/org.jacoco.core/0.8.10/org.jacoco.core-0.8.10.pom
2026.03.16 20:47:56 INFO  Progress (1): 896 B
2026.03.16 20:47:56 INFO  Progress (1): 2.1 kB
2026.03.16 20:47:56 INFO                      
2026.03.16 20:47:56 INFO  Downloaded from central: https://repo.maven.apache.org/maven2/org/jacoco/org.jacoco.core/0.8.10/org.jacoco.core-0.8.10.pom (2.1 kB at 58 kB/s)
2026.03.16 20:47:56 INFO  Downloading from central: https://repo.maven.apache.org/maven2/org/ow2/asm/asm/9.5/asm-9.5.pom
2026.03.16 20:47:56 INFO  Progress (1): 1.3 kB
2026.03.16 20:47:56 INFO  Progress (1): 2.4 kB
2026.03.16 20:47:56 INFO                      
2026.03.16 20:47:56 INFO  Downloaded from central: https://repo.maven.apache.org/maven2/org/ow2/asm/asm/9.5/asm-9.5.pom (2.4 kB at 55 kB/s)
2026.03.16 20:47:56 INFO  Downloading from central: https://repo.maven.apache.org/maven2/org/ow2/asm/asm-commons/9.5/asm-commons-9.5.pom
2026.03.16 20:47:56 INFO  Progress (1): 1.1 kB
2026.03.16 20:47:56 INFO  Progress (1): 2.8 kB
2026.03.16 20:47:56 INFO                      
2026.03.16 20:47:56 INFO  Downloaded from central: https://repo.maven.apache.org/maven2/org/ow2/asm/asm-commons/9.5/asm-commons-9.5.pom (2.8 kB at 73 kB/s)
2026.03.16 20:47:56 INFO  Downloading from central: https://repo.maven.apache.org/maven2/org/ow2/asm/asm-tree/9.5/asm-tree-9.5.pom
2026.03.16 20:47:56 INFO  Progress (1): 1.1 kB
2026.03.16 20:47:56 INFO  Progress (1): 2.6 kB
2026.03.16 20:47:56 INFO                      
2026.03.16 20:47:56 INFO  Downloaded from central: https://repo.maven.apache.org/maven2/org/ow2/asm/asm-tree/9.5/asm-tree-9.5.pom (2.6 kB at 58 kB/s)
2026.03.16 20:47:56 INFO  Downloading from central: https://repo.maven.apache.org/maven2/org/jacoco/org.jacoco.report/0.8.10/org.jacoco.report-0.8.10.pom
2026.03.16 20:47:56 INFO  Progress (1): 899 B
2026.03.16 20:47:56 INFO  Progress (1): 1.9 kB
2026.03.16 20:47:56 INFO                      
2026.03.16 20:47:56 INFO  Downloaded from central: https://repo.maven.apache.org/maven2/org/jacoco/org.jacoco.report/0.8.10/org.jacoco.report-0.8.10.pom (1.9 kB at 52 kB/s)
2026.03.16 20:47:56 INFO  Downloading from central: https://repo.maven.apache.org/maven2/org/apache/maven/shared/file-management/1.2.1/file-management-1.2.1.jar
2026.03.16 20:47:56 INFO  Progress (1): 3.8/38 kB
2026.03.16 20:47:56 INFO  Progress (1): 8.0/38 kB
2026.03.16 20:47:56 INFO  Progress (1): 12/38 kB 
2026.03.16 20:47:56 INFO  Progress (1): 16/38 kB
2026.03.16 20:47:56 INFO  Progress (1): 21/38 kB
2026.03.16 20:47:56 INFO  Progress (1): 25/38 kB
2026.03.16 20:47:56 INFO  Progress (1): 29/38 kB
2026.03.16 20:47:56 INFO  Progress (1): 33/38 kB
2026.03.16 20:47:56 INFO  Progress (1): 38 kB   
2026.03.16 20:47:56 INFO                     
2026.03.16 20:47:56 INFO  Downloaded from central: https://repo.maven.apache.org/maven2/org/apache/maven/shared/file-management/1.2.1/file-management-1.2.1.jar (38 kB at 989 kB/s)
2026.03.16 20:47:56 INFO  Downloading from central: https://repo.maven.apache.org/maven2/org/apache/maven/shared/maven-shared-io/1.1/maven-shared-io-1.1.jar
2026.03.16 20:47:56 INFO  Downloading from central: https://repo.maven.apache.org/maven2/org/apache/maven/maven-artifact-manager/2.0.2/maven-artifact-manager-2.0.2.jar
2026.03.16 20:47:56 INFO  Downloading from central: https://repo.maven.apache.org/maven2/org/apache/maven/maven-artifact/2.0.2/maven-artifact-2.0.2.jar
2026.03.16 20:47:56 INFO  Downloading from central: https://repo.maven.apache.org/maven2/org/apache/maven/maven-repository-metadata/2.0.2/maven-repository-metadata-2.0.2.jar
2026.03.16 20:47:56 INFO  Downloading from central: https://repo.maven.apache.org/maven2/org/apache/maven/wagon/wagon-provider-api/1.0-alpha-6/wagon-provider-api-1.0-alpha-6.jar
2026.03.16 20:47:56 INFO  Progress (1): 3.8/49 kB
2026.03.16 20:47:56 INFO  Progress (1): 8.0/49 kB
2026.03.16 20:47:56 INFO  Progress (1): 12/49 kB 
2026.03.16 20:47:56 INFO  Progress (1): 16/49 kB
2026.03.16 20:47:56 INFO  Progress (1): 21/49 kB
2026.03.16 20:47:56 INFO  Progress (1): 25/49 kB
2026.03.16 20:47:56 INFO  Progress (1): 29/49 kB
2026.03.16 20:47:56 INFO  Progress (1): 32/49 kB
2026.03.16 20:47:56 INFO  Progress (1): 36/49 kB
2026.03.16 20:47:56 INFO  Progress (1): 40/49 kB
2026.03.16 20:47:56 INFO  Progress (1): 45/49 kB
2026.03.16 20:47:56 INFO  Progress (1): 49/49 kB
2026.03.16 20:47:56 INFO  Progress (1): 49 kB   
2026.03.16 20:47:56 INFO                     
2026.03.16 20:47:56 INFO  Downloaded from central: https://repo.maven.apache.org/maven2/org/apache/maven/maven-artifact-manager/2.0.2/maven-artifact-manager-2.0.2.jar (49 kB at 806 kB/s)
2026.03.16 20:47:56 INFO  Downloading from central: https://repo.maven.apache.org/maven2/org/codehaus/plexus/plexus-container-default/1.0-alpha-9/plexus-container-default-1.0-alpha-9.jar
2026.03.16 20:47:56 INFO  Progress (1): 3.8/195 kB
2026.03.16 20:47:56 INFO  Progress (1): 8.0/195 kB
2026.03.16 20:47:56 INFO  Progress (1): 12/195 kB 
2026.03.16 20:47:56 INFO  Progress (1): 28/195 kB
2026.03.16 20:47:56 INFO  Progress (1): 44/195 kB
2026.03.16 20:47:57 INFO  Progress (1): 61/195 kB
2026.03.16 20:47:57 INFO  Progress (1): 77/195 kB
2026.03.16 20:47:57 INFO  Progress (2): 77/195 kB | 0.9/39 kB
2026.03.16 20:47:57 INFO  Progress (3): 77/195 kB | 0.9/39 kB | 0.9/20 kB
2026.03.16 20:47:57 INFO  Progress (3): 77/195 kB | 0.9/39 kB | 2.3/20 kB
2026.03.16 20:47:57 INFO  Progress (3): 77/195 kB | 0.9/39 kB | 3.6/20 kB
2026.03.16 20:47:57 INFO  Progress (4): 77/195 kB | 0.9/39 kB | 3.6/20 kB | 0.9/78 kB
2026.03.16 20:47:57 INFO  Progress (5): 77/195 kB | 0.9/39 kB | 3.6/20 kB | 0.9/78 kB | 0.9/43 kB
2026.03.16 20:47:57 INFO  Progress (5): 77/195 kB | 0.9/39 kB | 5.0/20 kB | 0.9/78 kB | 0.9/43 kB
2026.03.16 20:47:57 INFO  Progress (5): 77/195 kB | 0.9/39 kB | 5.0/20 kB | 2.3/78 kB | 0.9/43 kB
2026.03.16 20:47:57 INFO  Progress (5): 77/195 kB | 0.9/39 kB | 6.4/20 kB | 2.3/78 kB | 0.9/43 kB
2026.03.16 20:47:57 INFO  Progress (5): 77/195 kB | 2.3/39 kB | 6.4/20 kB | 2.3/78 kB | 0.9/43 kB
2026.03.16 20:47:57 INFO  Progress (5): 77/195 kB | 2.3/39 kB | 6.4/20 kB | 2.3/78 kB | 2.3/43 kB
2026.03.16 20:47:57 INFO  Progress (5): 93/195 kB | 2.3/39 kB | 6.4/20 kB | 2.3/78 kB | 2.3/43 kB
2026.03.16 20:47:57 INFO  Progress (5): 93/195 kB | 2.3/39 kB | 6.4/20 kB | 3.6/78 kB | 2.3/43 kB
2026.03.16 20:47:57 INFO  Progress (5): 93/195 kB | 2.3/39 kB | 7.7/20 kB | 3.6/78 kB | 2.3/43 kB
2026.03.16 20:47:57 INFO  Progress (5): 93/195 kB | 2.3/39 kB | 7.7/20 kB | 3.6/78 kB | 3.6/43 kB
2026.03.16 20:47:57 INFO  Progress (5): 93/195 kB | 3.6/39 kB | 7.7/20 kB | 3.6/78 kB | 3.6/43 kB
2026.03.16 20:47:57 INFO  Progress (5): 93/195 kB | 3.6/39 kB | 7.7/20 kB | 5.0/78 kB | 3.6/43 kB
2026.03.16 20:47:57 INFO  Progress (5): 93/195 kB | 5.0/39 kB | 7.7/20 kB | 5.0/78 kB | 3.6/43 kB
2026.03.16 20:47:57 INFO  Progress (5): 93/195 kB | 5.0/39 kB | 9.1/20 kB | 5.0/78 kB | 3.6/43 kB
2026.03.16 20:47:57 INFO  Progress (5): 93/195 kB | 5.0/39 kB | 9.1/20 kB | 5.0/78 kB | 5.0/43 kB
2026.03.16 20:47:57 INFO  Progress (5): 93/195 kB | 5.0/39 kB | 9.1/20 kB | 5.0/78 kB | 6.4/43 kB
2026.03.16 20:47:57 INFO  Progress (5): 93/195 kB | 6.4/39 kB | 9.1/20 kB | 5.0/78 kB | 6.4/43 kB
2026.03.16 20:47:57 INFO  Progress (5): 93/195 kB | 6.4/39 kB | 9.1/20 kB | 5.0/78 kB | 7.7/43 kB
2026.03.16 20:47:57 INFO  Progress (5): 93/195 kB | 6.4/39 kB | 9.1/20 kB | 6.4/78 kB | 7.7/43 kB
2026.03.16 20:47:57 INFO  Progress (5): 93/195 kB | 7.7/39 kB | 9.1/20 kB | 6.4/78 kB | 7.7/43 kB
2026.03.16 20:47:57 INFO  Progress (5): 93/195 kB | 7.7/39 kB | 9.1/20 kB | 7.7/78 kB | 7.7/43 kB
2026.03.16 20:47:57 INFO  Progress (5): 93/195 kB | 7.7/39 kB | 10/20 kB | 7.7/78 kB | 7.7/43 kB 
2026.03.16 20:47:57 INFO  Progress (5): 93/195 kB | 7.7/39 kB | 12/20 kB | 7.7/78 kB | 7.7/43 kB
2026.03.16 20:47:57 INFO  Progress (5): 93/195 kB | 7.7/39 kB | 13/20 kB | 7.7/78 kB | 7.7/43 kB
2026.03.16 20:47:57 INFO  Progress (5): 93/195 kB | 7.7/39 kB | 13/20 kB | 7.7/78 kB | 9.1/43 kB
2026.03.16 20:47:57 INFO  Progress (5): 93/195 kB | 9.1/39 kB | 13/20 kB | 7.7/78 kB | 9.1/43 kB
2026.03.16 20:47:57 INFO  Progress (5): 93/195 kB | 9.1/39 kB | 13/20 kB | 9.1/78 kB | 9.1/43 kB
2026.03.16 20:47:57 INFO  Progress (5): 93/195 kB | 9.1/39 kB | 15/20 kB | 9.1/78 kB | 9.1/43 kB
2026.03.16 20:47:57 INFO  Progress (5): 93/195 kB | 9.1/39 kB | 15/20 kB | 9.1/78 kB | 10/43 kB 
2026.03.16 20:47:57 INFO  Progress (5): 110/195 kB | 9.1/39 kB | 15/20 kB | 9.1/78 kB | 10/43 kB
2026.03.16 20:47:57 INFO  Progress (5): 110/195 kB | 9.1/39 kB | 15/20 kB | 10/78 kB | 10/43 kB 
2026.03.16 20:47:57 INFO  Progress (5): 110/195 kB | 10/39 kB | 15/20 kB | 10/78 kB | 10/43 kB 
2026.03.16 20:47:57 INFO  Progress (5): 110/195 kB | 10/39 kB | 16/20 kB | 10/78 kB | 10/43 kB
2026.03.16 20:47:57 INFO  Progress (5): 110/195 kB | 12/39 kB | 16/20 kB | 10/78 kB | 10/43 kB
2026.03.16 20:47:57 INFO  Progress (5): 126/195 kB | 12/39 kB | 16/20 kB | 10/78 kB | 10/43 kB
2026.03.16 20:47:57 INFO  Progress (5): 126/195 kB | 12/39 kB | 16/20 kB | 12/78 kB | 10/43 kB
2026.03.16 20:47:57 INFO  Progress (5): 126/195 kB | 12/39 kB | 16/20 kB | 13/78 kB | 10/43 kB
2026.03.16 20:47:57 INFO  Progress (5): 126/195 kB | 13/39 kB | 16/20 kB | 13/78 kB | 10/43 kB
2026.03.16 20:47:57 INFO  Progress (5): 126/195 kB | 13/39 kB | 16/20 kB | 13/78 kB | 12/43 kB
2026.03.16 20:47:57 INFO  Progress (5): 126/195 kB | 13/39 kB | 17/20 kB | 13/78 kB | 12/43 kB
2026.03.16 20:47:57 INFO  Progress (5): 143/195 kB | 13/39 kB | 17/20 kB | 13/78 kB | 12/43 kB
2026.03.16 20:47:57 INFO  Progress (5): 143/195 kB | 13/39 kB | 17/20 kB | 15/78 kB | 12/43 kB
2026.03.16 20:47:57 INFO  Progress (5): 143/195 kB | 15/39 kB | 17/20 kB | 15/78 kB | 12/43 kB
2026.03.16 20:47:57 INFO  Progress (5): 143/195 kB | 15/39 kB | 17/20 kB | 15/78 kB | 13/43 kB
2026.03.16 20:47:57 INFO  Progress (5): 143/195 kB | 15/39 kB | 17/20 kB | 16/78 kB | 13/43 kB
2026.03.16 20:47:57 INFO  Progress (5): 143/195 kB | 16/39 kB | 17/20 kB | 16/78 kB | 13/43 kB
2026.03.16 20:47:57 INFO  Progress (5): 159/195 kB | 16/39 kB | 17/20 kB | 16/78 kB | 13/43 kB
2026.03.16 20:47:57 INFO  Progress (5): 159/195 kB | 16/39 kB | 17/20 kB | 16/78 kB | 15/43 kB
2026.03.16 20:47:57 INFO  Progress (5): 159/195 kB | 16/39 kB | 17/20 kB | 17/78 kB | 15/43 kB
2026.03.16 20:47:57 INFO  Progress (5): 159/195 kB | 16/39 kB | 17/20 kB | 17/78 kB | 16/43 kB
2026.03.16 20:47:57 INFO  Progress (5): 159/195 kB | 16/39 kB | 17/20 kB | 19/78 kB | 16/43 kB
2026.03.16 20:47:57 INFO  Progress (5): 159/195 kB | 16/39 kB | 17/20 kB | 20/78 kB | 16/43 kB
2026.03.16 20:47:57 INFO  Progress (5): 159/195 kB | 16/39 kB | 19/20 kB | 20/78 kB | 16/43 kB
2026.03.16 20:47:57 INFO  Progress (5): 159/195 kB | 16/39 kB | 20 kB | 20/78 kB | 16/43 kB   
2026.03.16 20:47:57 INFO  Progress (5): 159/195 kB | 16/39 kB | 20 kB | 20/78 kB | 17/43 kB
2026.03.16 20:47:57 INFO  Progress (5): 175/195 kB | 16/39 kB | 20 kB | 20/78 kB | 17/43 kB
2026.03.16 20:47:57 INFO  Progress (5): 175/195 kB | 16/39 kB | 20 kB | 21/78 kB | 17/43 kB
2026.03.16 20:47:57 INFO  Progress (5): 175/195 kB | 17/39 kB | 20 kB | 21/78 kB | 17/43 kB
2026.03.16 20:47:57 INFO                                                                   
2026.03.16 20:47:57 INFO  Downloaded from central: https://repo.maven.apache.org/maven2/org/apache/maven/maven-repository-metadata/2.0.2/maven-repository-metadata-2.0.2.jar (20 kB at 29 kB/s)
2026.03.16 20:47:57 INFO  Downloading from central: https://repo.maven.apache.org/maven2/classworlds/classworlds/1.1-alpha-2/classworlds-1.1-alpha-2.jar
2026.03.16 20:47:57 INFO  Progress (4): 175/195 kB | 17/39 kB | 23/78 kB | 17/43 kB
2026.03.16 20:47:57 INFO  Progress (4): 175/195 kB | 17/39 kB | 24/78 kB | 17/43 kB
2026.03.16 20:47:57 INFO  Progress (4): 175/195 kB | 18/39 kB | 24/78 kB | 17/43 kB
2026.03.16 20:47:57 INFO  Progress (4): 175/195 kB | 18/39 kB | 26/78 kB | 17/43 kB
2026.03.16 20:47:57 INFO  Progress (4): 175/195 kB | 18/39 kB | 26/78 kB | 19/43 kB
2026.03.16 20:47:57 INFO  Progress (4): 175/195 kB | 20/39 kB | 26/78 kB | 19/43 kB
2026.03.16 20:47:57 INFO  Progress (4): 175/195 kB | 20/39 kB | 27/78 kB | 19/43 kB
2026.03.16 20:47:57 INFO  Progress (4): 175/195 kB | 20/39 kB | 28/78 kB | 19/43 kB
2026.03.16 20:47:57 INFO  Progress (4): 175/195 kB | 20/39 kB | 28/78 kB | 20/43 kB
2026.03.16 20:47:57 INFO  Progress (4): 175/195 kB | 21/39 kB | 28/78 kB | 20/43 kB
2026.03.16 20:47:57 INFO  Progress (4): 175/195 kB | 21/39 kB | 30/78 kB | 20/43 kB
2026.03.16 20:47:57 INFO  Progress (4): 175/195 kB | 23/39 kB | 30/78 kB | 20/43 kB
2026.03.16 20:47:57 INFO  Progress (4): 175/195 kB | 23/39 kB | 31/78 kB | 20/43 kB
2026.03.16 20:47:57 INFO  Progress (4): 175/195 kB | 24/39 kB | 31/78 kB | 20/43 kB
2026.03.16 20:47:57 INFO  Progress (4): 175/195 kB | 24/39 kB | 32/78 kB | 20/43 kB
2026.03.16 20:47:57 INFO  Progress (4): 175/195 kB | 25/39 kB | 32/78 kB | 20/43 kB
2026.03.16 20:47:57 INFO  Progress (4): 175/195 kB | 25/39 kB | 32/78 kB | 21/43 kB
2026.03.16 20:47:57 INFO  Progress (4): 175/195 kB | 27/39 kB | 32/78 kB | 21/43 kB
2026.03.16 20:47:57 INFO  Progress (4): 175/195 kB | 27/39 kB | 32/78 kB | 23/43 kB
2026.03.16 20:47:57 INFO  Progress (4): 175/195 kB | 28/39 kB | 32/78 kB | 23/43 kB
2026.03.16 20:47:57 INFO  Progress (4): 175/195 kB | 28/39 kB | 32/78 kB | 24/43 kB
2026.03.16 20:47:57 INFO  Progress (4): 175/195 kB | 28/39 kB | 34/78 kB | 24/43 kB
2026.03.16 20:47:57 INFO  Progress (4): 175/195 kB | 28/39 kB | 34/78 kB | 25/43 kB
2026.03.16 20:47:57 INFO  Progress (4): 175/195 kB | 28/39 kB | 35/78 kB | 25/43 kB
2026.03.16 20:47:57 INFO  Progress (4): 175/195 kB | 29/39 kB | 35/78 kB | 25/43 kB
2026.03.16 20:47:57 INFO  Progress (4): 175/195 kB | 29/39 kB | 36/78 kB | 25/43 kB
2026.03.16 20:47:57 INFO  Progress (4): 175/195 kB | 31/39 kB | 36/78 kB | 25/43 kB
2026.03.16 20:47:57 INFO  Progress (4): 175/195 kB | 31/39 kB | 36/78 kB | 27/43 kB
2026.03.16 20:47:57 INFO  Progress (4): 175/195 kB | 31/39 kB | 38/78 kB | 27/43 kB
2026.03.16 20:47:57 INFO  Progress (4): 175/195 kB | 32/39 kB | 38/78 kB | 27/43 kB
2026.03.16 20:47:57 INFO  Progress (4): 175/195 kB | 32/39 kB | 38/78 kB | 28/43 kB
2026.03.16 20:47:57 INFO  Progress (4): 175/195 kB | 32/39 kB | 39/78 kB | 28/43 kB
2026.03.16 20:47:57 INFO  Progress (4): 175/195 kB | 32/39 kB | 41/78 kB | 28/43 kB
2026.03.16 20:47:57 INFO  Progress (4): 175/195 kB | 33/39 kB | 41/78 kB | 28/43 kB
2026.03.16 20:47:57 INFO  Progress (4): 175/195 kB | 35/39 kB | 41/78 kB | 28/43 kB
2026.03.16 20:47:57 INFO  Progress (4): 175/195 kB | 35/39 kB | 42/78 kB | 28/43 kB
2026.03.16 20:47:57 INFO  Progress (4): 175/195 kB | 36/39 kB | 42/78 kB | 28/43 kB
2026.03.16 20:47:57 INFO  Progress (4): 175/195 kB | 36/39 kB | 43/78 kB | 28/43 kB
2026.03.16 20:47:57 INFO  Progress (4): 175/195 kB | 38/39 kB | 43/78 kB | 28/43 kB
2026.03.16 20:47:57 INFO  Progress (4): 175/195 kB | 38/39 kB | 43/78 kB | 30/43 kB
2026.03.16 20:47:57 INFO  Progress (4): 175/195 kB | 38/39 kB | 43/78 kB | 31/43 kB
2026.03.16 20:47:57 INFO  Progress (4): 175/195 kB | 38/39 kB | 43/78 kB | 32/43 kB
2026.03.16 20:47:57 INFO  Progress (4): 175/195 kB | 39/39 kB | 43/78 kB | 32/43 kB
2026.03.16 20:47:57 INFO  Progress (4): 175/195 kB | 39/39 kB | 43/78 kB | 34/43 kB
2026.03.16 20:47:57 INFO  Progress (4): 175/195 kB | 39 kB | 43/78 kB | 34/43 kB   
2026.03.16 20:47:57 INFO  Progress (4): 175/195 kB | 39 kB | 43/78 kB | 35/43 kB
2026.03.16 20:47:57 INFO  Progress (4): 175/195 kB | 39 kB | 43/78 kB | 36/43 kB
2026.03.16 20:47:57 INFO  Progress (4): 175/195 kB | 39 kB | 43/78 kB | 38/43 kB
2026.03.16 20:47:57 INFO  Progress (4): 175/195 kB | 39 kB | 43/78 kB | 39/43 kB
2026.03.16 20:47:57 INFO  Progress (4): 175/195 kB | 39 kB | 43/78 kB | 41/43 kB
2026.03.16 20:47:57 INFO  Progress (4): 175/195 kB | 39 kB | 43/78 kB | 42/43 kB
2026.03.16 20:47:57 INFO  Progress (4): 175/195 kB | 39 kB | 43/78 kB | 43 kB   
2026.03.16 20:47:57 INFO                                                     
2026.03.16 20:47:57 INFO  Downloaded from central: https://repo.maven.apache.org/maven2/org/apache/maven/shared/maven-shared-io/1.1/maven-shared-io-1.1.jar (39 kB at 57 kB/s)
2026.03.16 20:47:57 INFO  Downloading from central: https://repo.maven.apache.org/maven2/org/jacoco/org.jacoco.agent/0.8.10/org.jacoco.agent-0.8.10-runtime.jar
2026.03.16 20:47:57 INFO  Downloaded from central: https://repo.maven.apache.org/maven2/org/apache/maven/wagon/wagon-provider-api/1.0-alpha-6/wagon-provider-api-1.0-alpha-6.jar (43 kB at 62 kB/s)
2026.03.16 20:47:57 INFO  Downloading from central: https://repo.maven.apache.org/maven2/org/jacoco/org.jacoco.core/0.8.10/org.jacoco.core-0.8.10.jar
2026.03.16 20:47:57 INFO  Progress (2): 175/195 kB | 45/78 kB
2026.03.16 20:47:57 INFO  Progress (2): 175/195 kB | 46/78 kB
2026.03.16 20:47:57 INFO  Progress (2): 192/195 kB | 46/78 kB
2026.03.16 20:47:57 INFO  Progress (2): 192/195 kB | 47/78 kB
2026.03.16 20:47:57 INFO  Progress (2): 195 kB | 47/78 kB    
2026.03.16 20:47:57 INFO  Progress (2): 195 kB | 49/78 kB
2026.03.16 20:47:57 INFO  Progress (2): 195 kB | 50/78 kB
2026.03.16 20:47:57 INFO  Progress (2): 195 kB | 52/78 kB
2026.03.16 20:47:57 INFO  Progress (2): 195 kB | 53/78 kB
2026.03.16 20:47:57 INFO  Progress (2): 195 kB | 54/78 kB
2026.03.16 20:47:57 INFO  Progress (2): 195 kB | 56/78 kB
2026.03.16 20:47:57 INFO  Progress (2): 195 kB | 60/78 kB
2026.03.16 20:47:57 INFO  Progress (2): 195 kB | 64/78 kB
2026.03.16 20:47:57 INFO                                 
2026.03.16 20:47:57 INFO  Downloaded from central: https://repo.maven.apache.org/maven2/org/codehaus/plexus/plexus-container-default/1.0-alpha-9/plexus-container-default-1.0-alpha-9.jar (195 kB at 276 kB/s)
2026.03.16 20:47:57 INFO  Downloading from central: https://repo.maven.apache.org/maven2/org/ow2/asm/asm/9.5/asm-9.5.jar
2026.03.16 20:47:57 INFO  Progress (1): 65/78 kB
2026.03.16 20:47:57 INFO  Progress (1): 69/78 kB
2026.03.16 20:47:57 INFO  Progress (2): 69/78 kB | 0.9/38 kB
2026.03.16 20:47:57 INFO  Progress (3): 69/78 kB | 0.9/38 kB | 0.9/204 kB
2026.03.16 20:47:57 INFO  Progress (3): 73/78 kB | 0.9/38 kB | 0.9/204 kB
2026.03.16 20:47:57 INFO  Progress (3): 73/78 kB | 0.9/38 kB | 2.3/204 kB
2026.03.16 20:47:57 INFO  Progress (3): 73/78 kB | 2.3/38 kB | 2.3/204 kB
2026.03.16 20:47:57 INFO  Progress (3): 77/78 kB | 2.3/38 kB | 2.3/204 kB
2026.03.16 20:47:57 INFO  Progress (4): 77/78 kB | 2.3/38 kB | 2.3/204 kB | 0.9/299 kB
2026.03.16 20:47:57 INFO  Progress (4): 77/78 kB | 3.6/38 kB | 2.3/204 kB | 0.9/299 kB
2026.03.16 20:47:57 INFO  Progress (4): 78 kB | 3.6/38 kB | 2.3/204 kB | 0.9/299 kB   
2026.03.16 20:47:57 INFO  Progress (4): 78 kB | 3.6/38 kB | 3.6/204 kB | 0.9/299 kB
2026.03.16 20:47:57 INFO  Progress (4): 78 kB | 3.6/38 kB | 5.0/204 kB | 0.9/299 kB
2026.03.16 20:47:57 INFO  Progress (4): 78 kB | 5.0/38 kB | 5.0/204 kB | 0.9/299 kB
2026.03.16 20:47:57 INFO  Progress (4): 78 kB | 5.0/38 kB | 6.4/204 kB | 0.9/299 kB
2026.03.16 20:47:57 INFO  Progress (4): 78 kB | 5.0/38 kB | 7.7/204 kB | 0.9/299 kB
2026.03.16 20:47:57 INFO  Progress (4): 78 kB | 5.0/38 kB | 7.7/204 kB | 2.3/299 kB
2026.03.16 20:47:57 INFO  Progress (4): 78 kB | 5.0/38 kB | 9.1/204 kB | 2.3/299 kB
2026.03.16 20:47:57 INFO  Progress (4): 78 kB | 5.0/38 kB | 9.1/204 kB | 3.6/299 kB
2026.03.16 20:47:57 INFO  Progress (4): 78 kB | 5.0/38 kB | 10/204 kB | 3.6/299 kB 
2026.03.16 20:47:57 INFO  Progress (4): 78 kB | 5.0/38 kB | 10/204 kB | 5.0/299 kB
2026.03.16 20:47:57 INFO  Progress (4): 78 kB | 5.0/38 kB | 12/204 kB | 5.0/299 kB
2026.03.16 20:47:57 INFO  Progress (4): 78 kB | 6.4/38 kB | 12/204 kB | 5.0/299 kB
2026.03.16 20:47:57 INFO  Progress (4): 78 kB | 6.4/38 kB | 12/204 kB | 6.4/299 kB
2026.03.16 20:47:57 INFO  Progress (4): 78 kB | 6.4/38 kB | 13/204 kB | 6.4/299 kB
2026.03.16 20:47:57 INFO  Progress (4): 78 kB | 6.4/38 kB | 13/204 kB | 7.7/299 kB
2026.03.16 20:47:57 INFO  Progress (4): 78 kB | 6.4/38 kB | 15/204 kB | 7.7/299 kB
2026.03.16 20:47:57 INFO  Progress (4): 78 kB | 6.4/38 kB | 16/204 kB | 7.7/299 kB
2026.03.16 20:47:57 INFO  Progress (4): 78 kB | 7.5/38 kB | 16/204 kB | 7.7/299 kB
2026.03.16 20:47:57 INFO  Progress (4): 78 kB | 7.5/38 kB | 16/204 kB | 9.1/299 kB
2026.03.16 20:47:57 INFO  Progress (4): 78 kB | 7.5/38 kB | 16/204 kB | 10/299 kB 
2026.03.16 20:47:57 INFO  Progress (4): 78 kB | 7.5/38 kB | 16/204 kB | 12/299 kB
2026.03.16 20:47:57 INFO  Progress (4): 78 kB | 7.5/38 kB | 20/204 kB | 12/299 kB
2026.03.16 20:47:57 INFO  Progress (4): 78 kB | 8.8/38 kB | 20/204 kB | 12/299 kB
2026.03.16 20:47:57 INFO  Progress (4): 78 kB | 8.8/38 kB | 20/204 kB | 16/299 kB
2026.03.16 20:47:57 INFO  Progress (4): 78 kB | 8.8/38 kB | 24/204 kB | 16/299 kB
2026.03.16 20:47:57 INFO  Progress (4): 78 kB | 8.8/38 kB | 24/204 kB | 20/299 kB
2026.03.16 20:47:57 INFO  Progress (4): 78 kB | 8.8/38 kB | 28/204 kB | 20/299 kB
2026.03.16 20:47:57 INFO  Progress (4): 78 kB | 10/38 kB | 28/204 kB | 20/299 kB 
2026.03.16 20:47:57 INFO  Progress (4): 78 kB | 10/38 kB | 28/204 kB | 25/299 kB
2026.03.16 20:47:57 INFO  Progress (4): 78 kB | 10/38 kB | 33/204 kB | 25/299 kB
2026.03.16 20:47:57 INFO  Progress (4): 78 kB | 10/38 kB | 33/204 kB | 29/299 kB
2026.03.16 20:47:57 INFO  Progress (4): 78 kB | 12/38 kB | 33/204 kB | 29/299 kB
2026.03.16 20:47:57 INFO  Progress (4): 78 kB | 13/38 kB | 33/204 kB | 29/299 kB
2026.03.16 20:47:57 INFO  Progress (4): 78 kB | 13/38 kB | 37/204 kB | 29/299 kB
2026.03.16 20:47:57 INFO                                                        
2026.03.16 20:47:57 INFO  Downloaded from central: https://repo.maven.apache.org/maven2/org/apache/maven/maven-artifact/2.0.2/maven-artifact-2.0.2.jar (78 kB at 108 kB/s)
2026.03.16 20:47:57 INFO  Downloading from central: https://repo.maven.apache.org/maven2/org/ow2/asm/asm-commons/9.5/asm-commons-9.5.jar
2026.03.16 20:47:57 INFO  Progress (3): 13/38 kB | 37/204 kB | 33/299 kB
2026.03.16 20:47:57 INFO  Progress (3): 13/38 kB | 41/204 kB | 33/299 kB
2026.03.16 20:47:57 INFO  Progress (3): 14/38 kB | 41/204 kB | 33/299 kB
2026.03.16 20:47:57 INFO  Progress (3): 14/38 kB | 41/204 kB | 37/299 kB
2026.03.16 20:47:57 INFO  Progress (3): 16/38 kB | 41/204 kB | 37/299 kB
2026.03.16 20:47:57 INFO  Progress (3): 16/38 kB | 41/204 kB | 41/299 kB
2026.03.16 20:47:57 INFO  Progress (3): 16/38 kB | 45/204 kB | 41/299 kB
2026.03.16 20:47:57 INFO  Progress (3): 16/38 kB | 45/204 kB | 46/299 kB
2026.03.16 20:47:57 INFO  Progress (3): 16/38 kB | 49/204 kB | 46/299 kB
2026.03.16 20:47:57 INFO  Progress (3): 17/38 kB | 49/204 kB | 46/299 kB
2026.03.16 20:47:57 INFO  Progress (3): 17/38 kB | 49/204 kB | 50/299 kB
2026.03.16 20:47:57 INFO  Progress (3): 18/38 kB | 49/204 kB | 50/299 kB
2026.03.16 20:47:57 INFO  Progress (3): 18/38 kB | 54/204 kB | 50/299 kB
2026.03.16 20:47:57 INFO  Progress (3): 20/38 kB | 54/204 kB | 50/299 kB
2026.03.16 20:47:57 INFO  Progress (3): 20/38 kB | 54/204 kB | 54/299 kB
2026.03.16 20:47:57 INFO  Progress (3): 21/38 kB | 54/204 kB | 54/299 kB
2026.03.16 20:47:57 INFO  Progress (3): 21/38 kB | 58/204 kB | 54/299 kB
2026.03.16 20:47:57 INFO  Progress (3): 21/38 kB | 58/204 kB | 58/299 kB
2026.03.16 20:47:57 INFO  Progress (3): 23/38 kB | 58/204 kB | 58/299 kB
2026.03.16 20:47:57 INFO  Progress (3): 24/38 kB | 58/204 kB | 58/299 kB
2026.03.16 20:47:57 INFO  Progress (3): 25/38 kB | 58/204 kB | 58/299 kB
2026.03.16 20:47:57 INFO  Progress (3): 25/38 kB | 58/204 kB | 63/299 kB
2026.03.16 20:47:57 INFO  Progress (3): 25/38 kB | 62/204 kB | 63/299 kB
2026.03.16 20:47:57 INFO  Progress (3): 27/38 kB | 62/204 kB | 63/299 kB
2026.03.16 20:47:57 INFO  Progress (3): 28/38 kB | 62/204 kB | 63/299 kB
2026.03.16 20:47:57 INFO  Progress (3): 28/38 kB | 62/204 kB | 66/299 kB
2026.03.16 20:47:57 INFO  Progress (3): 28/38 kB | 66/204 kB | 66/299 kB
2026.03.16 20:47:57 INFO  Progress (3): 29/38 kB | 66/204 kB | 66/299 kB
2026.03.16 20:47:57 INFO  Progress (3): 31/38 kB | 66/204 kB | 66/299 kB
2026.03.16 20:47:57 INFO  Progress (3): 31/38 kB | 71/204 kB | 66/299 kB
2026.03.16 20:47:57 INFO  Progress (3): 31/38 kB | 71/204 kB | 70/299 kB
2026.03.16 20:47:57 INFO  Progress (3): 31/38 kB | 75/204 kB | 70/299 kB
2026.03.16 20:47:57 INFO  Progress (3): 32/38 kB | 75/204 kB | 70/299 kB
2026.03.16 20:47:57 INFO  Progress (3): 32/38 kB | 75/204 kB | 74/299 kB
2026.03.16 20:47:57 INFO  Progress (3): 32/38 kB | 79/204 kB | 74/299 kB
2026.03.16 20:47:57 INFO  Progress (3): 33/38 kB | 79/204 kB | 74/299 kB
2026.03.16 20:47:57 INFO  Progress (3): 33/38 kB | 79/204 kB | 78/299 kB
2026.03.16 20:47:57 INFO  Progress (3): 35/38 kB | 79/204 kB | 78/299 kB
2026.03.16 20:47:57 INFO  Progress (3): 35/38 kB | 83/204 kB | 78/299 kB
2026.03.16 20:47:57 INFO  Progress (3): 35/38 kB | 83/204 kB | 82/299 kB
2026.03.16 20:47:57 INFO  Progress (3): 35/38 kB | 83/204 kB | 87/299 kB
2026.03.16 20:47:57 INFO  Progress (3): 35/38 kB | 88/204 kB | 87/299 kB
2026.03.16 20:47:57 INFO  Progress (3): 35/38 kB | 88/204 kB | 91/299 kB
2026.03.16 20:47:57 INFO  Progress (3): 35/38 kB | 88/204 kB | 95/299 kB
2026.03.16 20:47:57 INFO  Progress (3): 35/38 kB | 92/204 kB | 95/299 kB
2026.03.16 20:47:57 INFO  Progress (3): 38 kB | 92/204 kB | 95/299 kB   
2026.03.16 20:47:57 INFO  Progress (3): 38 kB | 92/204 kB | 99/299 kB
2026.03.16 20:47:57 INFO  Progress (3): 38 kB | 92/204 kB | 104/299 kB
2026.03.16 20:47:57 INFO  Progress (3): 38 kB | 96/204 kB | 104/299 kB
2026.03.16 20:47:57 INFO  Progress (3): 38 kB | 100/204 kB | 104/299 kB
2026.03.16 20:47:57 INFO  Progress (3): 38 kB | 104/204 kB | 104/299 kB
2026.03.16 20:47:57 INFO  Progress (3): 38 kB | 109/204 kB | 104/299 kB
2026.03.16 20:47:57 INFO  Progress (3): 38 kB | 113/204 kB | 104/299 kB
2026.03.16 20:47:57 INFO  Progress (3): 38 kB | 117/204 kB | 104/299 kB
2026.03.16 20:47:57 INFO  Progress (3): 38 kB | 121/204 kB | 104/299 kB
2026.03.16 20:47:57 INFO                                               
2026.03.16 20:47:57 INFO  Downloaded from central: https://repo.maven.apache.org/maven2/classworlds/classworlds/1.1-alpha-2/classworlds-1.1-alpha-2.jar (38 kB at 51 kB/s)
2026.03.16 20:47:57 INFO  Downloading from central: https://repo.maven.apache.org/maven2/org/ow2/asm/asm-tree/9.5/asm-tree-9.5.jar
2026.03.16 20:47:57 INFO  Progress (2): 126/204 kB | 104/299 kB
2026.03.16 20:47:57 INFO  Progress (2): 130/204 kB | 104/299 kB
2026.03.16 20:47:57 INFO  Progress (2): 130/204 kB | 104/299 kB
2026.03.16 20:47:57 INFO  Progress (2): 135/204 kB | 104/299 kB
2026.03.16 20:47:57 INFO  Progress (2): 139/204 kB | 104/299 kB
2026.03.16 20:47:57 INFO  Progress (2): 143/204 kB | 104/299 kB
2026.03.16 20:47:57 INFO  Progress (2): 147/204 kB | 104/299 kB
2026.03.16 20:47:57 INFO  Progress (2): 151/204 kB | 104/299 kB
2026.03.16 20:47:57 INFO  Progress (2): 156/204 kB | 104/299 kB
2026.03.16 20:47:57 INFO  Progress (2): 160/204 kB | 104/299 kB
2026.03.16 20:47:57 INFO  Progress (2): 164/204 kB | 104/299 kB
2026.03.16 20:47:57 INFO  Progress (2): 168/204 kB | 104/299 kB
2026.03.16 20:47:57 INFO  Progress (2): 173/204 kB | 104/299 kB
2026.03.16 20:47:57 INFO  Progress (2): 173/204 kB | 108/299 kB
2026.03.16 20:47:57 INFO  Progress (2): 177/204 kB | 108/299 kB
2026.03.16 20:47:57 INFO  Progress (2): 177/204 kB | 112/299 kB
2026.03.16 20:47:57 INFO  Progress (2): 177/204 kB | 116/299 kB
2026.03.16 20:47:57 INFO  Progress (2): 193/204 kB | 116/299 kB
2026.03.16 20:47:57 INFO  Progress (2): 193/204 kB | 121/299 kB
2026.03.16 20:47:57 INFO  Progress (2): 204 kB | 121/299 kB    
2026.03.16 20:47:57 INFO  Progress (2): 204 kB | 125/299 kB
2026.03.16 20:47:57 INFO  Progress (2): 204 kB | 129/299 kB
2026.03.16 20:47:57 INFO  Progress (2): 204 kB | 131/299 kB
2026.03.16 20:47:57 INFO  Progress (2): 204 kB | 135/299 kB
2026.03.16 20:47:57 INFO                                   
2026.03.16 20:47:57 INFO  Downloaded from central: https://repo.maven.apache.org/maven2/org/jacoco/org.jacoco.core/0.8.10/org.jacoco.core-0.8.10.jar (204 kB at 270 kB/s)
2026.03.16 20:47:57 INFO  Downloading from central: https://repo.maven.apache.org/maven2/org/jacoco/org.jacoco.report/0.8.10/org.jacoco.report-0.8.10.jar
2026.03.16 20:47:57 INFO  Progress (1): 140/299 kB
2026.03.16 20:47:57 INFO  Progress (1): 144/299 kB
2026.03.16 20:47:57 INFO  Progress (1): 148/299 kB
2026.03.16 20:47:57 INFO  Progress (1): 152/299 kB
2026.03.16 20:47:57 INFO  Progress (1): 156/299 kB
2026.03.16 20:47:57 INFO  Progress (1): 161/299 kB
2026.03.16 20:47:57 INFO  Progress (1): 164/299 kB
2026.03.16 20:47:57 INFO  Progress (1): 168/299 kB
2026.03.16 20:47:57 INFO  Progress (1): 172/299 kB
2026.03.16 20:47:57 INFO  Progress (1): 177/299 kB
2026.03.16 20:47:57 INFO  Progress (1): 193/299 kB
2026.03.16 20:47:57 INFO  Progress (1): 209/299 kB
2026.03.16 20:47:57 INFO  Progress (1): 213/299 kB
2026.03.16 20:47:57 INFO  Progress (2): 213/299 kB | 7.7/122 kB
2026.03.16 20:47:57 INFO  Progress (2): 213/299 kB | 16/122 kB 
2026.03.16 20:47:57 INFO  Progress (2): 229/299 kB | 16/122 kB
2026.03.16 20:47:57 INFO  Progress (2): 246/299 kB | 16/122 kB
2026.03.16 20:47:57 INFO  Progress (2): 262/299 kB | 16/122 kB
2026.03.16 20:47:57 INFO  Progress (2): 262/299 kB | 24/122 kB
2026.03.16 20:47:57 INFO  Progress (2): 279/299 kB | 24/122 kB
2026.03.16 20:47:57 INFO  Progress (2): 279/299 kB | 40/122 kB
2026.03.16 20:47:57 INFO  Progress (2): 295/299 kB | 40/122 kB
2026.03.16 20:47:57 INFO  Progress (2): 299 kB | 40/122 kB    
2026.03.16 20:47:57 INFO                                  
2026.03.16 20:47:57 INFO  Downloaded from central: https://repo.maven.apache.org/maven2/org/jacoco/org.jacoco.agent/0.8.10/org.jacoco.agent-0.8.10-runtime.jar (299 kB at 389 kB/s)
2026.03.16 20:47:57 INFO  Progress (1): 57/122 kB
2026.03.16 20:47:57 INFO  Progress (1): 73/122 kB
2026.03.16 20:47:57 INFO  Progress (1): 90/122 kB
2026.03.16 20:47:57 INFO  Progress (1): 106/122 kB
2026.03.16 20:47:57 INFO  Progress (2): 106/122 kB | 3.8/72 kB
2026.03.16 20:47:57 INFO  Progress (2): 122 kB | 3.8/72 kB    
2026.03.16 20:47:57 INFO  Progress (2): 122 kB | 8.0/72 kB
2026.03.16 20:47:57 INFO  Progress (2): 122 kB | 12/72 kB 
2026.03.16 20:47:57 INFO  Progress (2): 122 kB | 16/72 kB
2026.03.16 20:47:57 INFO                                 
2026.03.16 20:47:57 INFO  Downloaded from central: https://repo.maven.apache.org/maven2/org/ow2/asm/asm/9.5/asm-9.5.jar (122 kB at 154 kB/s)
2026.03.16 20:47:57 INFO  Progress (2): 16/72 kB | 3.8/52 kB
2026.03.16 20:47:57 INFO  Progress (2): 21/72 kB | 3.8/52 kB
2026.03.16 20:47:57 INFO  Progress (2): 21/72 kB | 8.0/52 kB
2026.03.16 20:47:57 INFO  Progress (2): 25/72 kB | 8.0/52 kB
2026.03.16 20:47:57 INFO  Progress (2): 25/72 kB | 12/52 kB 
2026.03.16 20:47:57 INFO  Progress (3): 25/72 kB | 12/52 kB | 7.7/131 kB
2026.03.16 20:47:57 INFO  Progress (3): 25/72 kB | 12/52 kB | 16/131 kB 
2026.03.16 20:47:57 INFO  Progress (3): 25/72 kB | 16/52 kB | 16/131 kB
2026.03.16 20:47:57 INFO  Progress (3): 25/72 kB | 20/52 kB | 16/131 kB
2026.03.16 20:47:57 INFO  Progress (3): 25/72 kB | 20/52 kB | 25/131 kB
2026.03.16 20:47:57 INFO  Progress (3): 25/72 kB | 24/52 kB | 25/131 kB
2026.03.16 20:47:57 INFO  Progress (3): 25/72 kB | 28/52 kB | 25/131 kB
2026.03.16 20:47:57 INFO  Progress (3): 25/72 kB | 28/52 kB | 41/131 kB
2026.03.16 20:47:57 INFO  Progress (3): 25/72 kB | 33/52 kB | 41/131 kB
2026.03.16 20:47:57 INFO  Progress (3): 29/72 kB | 33/52 kB | 41/131 kB
2026.03.16 20:47:57 INFO  Progress (3): 33/72 kB | 33/52 kB | 41/131 kB
2026.03.16 20:47:57 INFO  Progress (3): 33/72 kB | 37/52 kB | 41/131 kB
2026.03.16 20:47:57 INFO  Progress (3): 33/72 kB | 37/52 kB | 57/131 kB
2026.03.16 20:47:57 INFO  Progress (3): 33/72 kB | 41/52 kB | 57/131 kB
2026.03.16 20:47:57 INFO  Progress (3): 38/72 kB | 41/52 kB | 57/131 kB
2026.03.16 20:47:57 INFO  Progress (3): 38/72 kB | 41/52 kB | 74/131 kB
2026.03.16 20:47:57 INFO  Progress (3): 38/72 kB | 45/52 kB | 74/131 kB
2026.03.16 20:47:57 INFO  Progress (3): 38/72 kB | 45/52 kB | 90/131 kB
2026.03.16 20:47:57 INFO  Progress (3): 42/72 kB | 45/52 kB | 90/131 kB
2026.03.16 20:47:57 INFO  Progress (3): 42/72 kB | 50/52 kB | 90/131 kB
2026.03.16 20:47:57 INFO  Progress (3): 42/72 kB | 52 kB | 90/131 kB   
2026.03.16 20:47:57 INFO  Progress (3): 46/72 kB | 52 kB | 90/131 kB
2026.03.16 20:47:57 INFO  Progress (3): 46/72 kB | 52 kB | 106/131 kB
2026.03.16 20:47:57 INFO  Progress (3): 50/72 kB | 52 kB | 106/131 kB
2026.03.16 20:47:57 INFO  Progress (3): 54/72 kB | 52 kB | 106/131 kB
2026.03.16 20:47:57 INFO  Progress (3): 54/72 kB | 52 kB | 123/131 kB
2026.03.16 20:47:57 INFO  Progress (3): 59/72 kB | 52 kB | 123/131 kB
2026.03.16 20:47:57 INFO  Progress (3): 59/72 kB | 52 kB | 131 kB    
2026.03.16 20:47:57 INFO  Progress (3): 63/72 kB | 52 kB | 131 kB
2026.03.16 20:47:57 INFO  Progress (3): 65/72 kB | 52 kB | 131 kB
2026.03.16 20:47:57 INFO  Progress (3): 69/72 kB | 52 kB | 131 kB
2026.03.16 20:47:57 INFO  Progress (3): 72 kB | 52 kB | 131 kB   
2026.03.16 20:47:57 INFO                                      
2026.03.16 20:47:57 INFO  Downloaded from central: https://repo.maven.apache.org/maven2/org/ow2/asm/asm-tree/9.5/asm-tree-9.5.jar (52 kB at 64 kB/s)
2026.03.16 20:47:57 INFO  Downloaded from central: https://repo.maven.apache.org/maven2/org/jacoco/org.jacoco.report/0.8.10/org.jacoco.report-0.8.10.jar (131 kB at 162 kB/s)
2026.03.16 20:47:57 INFO  Downloaded from central: https://repo.maven.apache.org/maven2/org/ow2/asm/asm-commons/9.5/asm-commons-9.5.jar (72 kB at 89 kB/s)
2026.03.16 20:47:57 INFO  [INFO] argLine set to -javaagent:/Users/armandocelaya/.m2/repository/org/jacoco/org.jacoco.agent/0.8.10/org.jacoco.agent-0.8.10-runtime.jar=destfile=/Users/armandocelaya/Downloads/SE333/assignment5/SE333_ASSIGNMENT5/target/jacoco.exec
2026.03.16 20:47:57 INFO  [INFO] 
2026.03.16 20:47:57 INFO  [INFO] --- bloop:2.0.3:bloopInstall (default-cli) @ Assignment5_code ---
2026.03.16 20:47:58 INFO  [ERROR] org.scala-lang:scala([0-9]?)-library is missing from project dependencies
2026.03.16 20:47:58 INFO  [ERROR] org.scala-lang:scala([0-9]?)-library is missing from project dependencies
2026.03.16 20:47:58 INFO  [INFO] Resolving artifact: net.bytebuddy:byte-buddy:jar:1.15.11:test (sources = false)
2026.03.16 20:47:58 INFO  [INFO] SUCCESS: net.bytebuddy:byte-buddy:jar:1.15.11:test (sources = false)
2026.03.16 20:47:58 INFO  [INFO] Resolving artifact: net.bytebuddy:byte-buddy:jar:1.15.11:test (sources = true)
2026.03.16 20:47:58 INFO  Downloading from central: https://repo.maven.apache.org/maven2/net/bytebuddy/byte-buddy/1.15.11/byte-buddy-1.15.11-sources.jar
2026.03.16 20:47:58 INFO  Progress (1): 0/1.4 MB
2026.03.16 20:47:58 INFO  Progress (1): 0/1.4 MB
2026.03.16 20:47:58 INFO  Progress (1): 0/1.4 MB
2026.03.16 20:47:58 INFO  Progress (1): 0/1.4 MB
2026.03.16 20:47:58 INFO  Progress (1): 0/1.4 MB
2026.03.16 20:47:58 INFO  Progress (1): 0/1.4 MB
2026.03.16 20:47:58 INFO  Progress (1): 0/1.4 MB
2026.03.16 20:47:58 INFO  Progress (1): 0/1.4 MB
2026.03.16 20:47:58 INFO  Progress (1): 0/1.4 MB
2026.03.16 20:47:58 INFO  Progress (1): 0/1.4 MB
2026.03.16 20:47:58 INFO  Progress (1): 0/1.4 MB
2026.03.16 20:47:58 INFO  Progress (1): 0/1.4 MB
2026.03.16 20:47:58 INFO  Progress (1): 0.1/1.4 MB
2026.03.16 20:47:58 INFO  Progress (1): 0.1/1.4 MB
2026.03.16 20:47:58 INFO  Progress (1): 0.1/1.4 MB
2026.03.16 20:47:58 INFO  Progress (1): 0.1/1.4 MB
2026.03.16 20:47:58 INFO  Progress (1): 0.1/1.4 MB
2026.03.16 20:47:58 INFO  Progress (1): 0.1/1.4 MB
2026.03.16 20:47:58 INFO  Progress (1): 0.1/1.4 MB
2026.03.16 20:47:58 INFO  Progress (1): 0.1/1.4 MB
2026.03.16 20:47:58 INFO  Progress (1): 0.2/1.4 MB
2026.03.16 20:47:58 INFO  Progress (1): 0.2/1.4 MB
2026.03.16 20:47:58 INFO  Progress (1): 0.2/1.4 MB
2026.03.16 20:47:58 INFO  Progress (1): 0.2/1.4 MB
2026.03.16 20:47:58 INFO  Progress (1): 0.2/1.4 MB
2026.03.16 20:47:58 INFO  Progress (1): 0.2/1.4 MB
2026.03.16 20:47:58 INFO  Progress (1): 0.3/1.4 MB
2026.03.16 20:47:58 INFO  Progress (1): 0.3/1.4 MB
2026.03.16 20:47:58 INFO  Progress (1): 0.3/1.4 MB
2026.03.16 20:47:58 INFO  Progress (1): 0.3/1.4 MB
2026.03.16 20:47:58 INFO  Progress (1): 0.3/1.4 MB
2026.03.16 20:47:58 INFO  Progress (1): 0.3/1.4 MB
2026.03.16 20:47:58 INFO  Progress (1): 0.4/1.4 MB
2026.03.16 20:47:58 INFO  Progress (1): 0.4/1.4 MB
2026.03.16 20:47:58 INFO  Progress (1): 0.4/1.4 MB
2026.03.16 20:47:58 INFO  Progress (1): 0.4/1.4 MB
2026.03.16 20:47:58 INFO  Progress (1): 0.4/1.4 MB
2026.03.16 20:47:58 INFO  Progress (1): 0.4/1.4 MB
2026.03.16 20:47:58 INFO  Progress (1): 0.4/1.4 MB
2026.03.16 20:47:58 INFO  Progress (1): 0.5/1.4 MB
2026.03.16 20:47:58 INFO  Progress (1): 0.5/1.4 MB
2026.03.16 20:47:58 INFO  Progress (1): 0.5/1.4 MB
2026.03.16 20:47:58 INFO  Progress (1): 0.5/1.4 MB
2026.03.16 20:47:58 INFO  Progress (1): 0.5/1.4 MB
2026.03.16 20:47:58 INFO  Progress (1): 0.5/1.4 MB
2026.03.16 20:47:58 INFO  Progress (1): 0.6/1.4 MB
2026.03.16 20:47:58 INFO  Progress (1): 0.6/1.4 MB
2026.03.16 20:47:58 INFO  Progress (1): 0.6/1.4 MB
2026.03.16 20:47:58 INFO  Progress (1): 0.6/1.4 MB
2026.03.16 20:47:58 INFO  Progress (1): 0.6/1.4 MB
2026.03.16 20:47:58 INFO  Progress (1): 0.6/1.4 MB
2026.03.16 20:47:58 INFO  Progress (1): 0.7/1.4 MB
2026.03.16 20:47:58 INFO  Progress (1): 0.7/1.4 MB
2026.03.16 20:47:58 INFO  Progress (1): 0.7/1.4 MB
2026.03.16 20:47:58 INFO  Progress (1): 0.7/1.4 MB
2026.03.16 20:47:58 INFO  Progress (1): 0.7/1.4 MB
2026.03.16 20:47:58 INFO  Progress (1): 0.7/1.4 MB
2026.03.16 20:47:58 INFO  Progress (1): 0.7/1.4 MB
2026.03.16 20:47:58 INFO  Progress (1): 0.8/1.4 MB
2026.03.16 20:47:58 INFO  Progress (1): 0.8/1.4 MB
2026.03.16 20:47:58 INFO  Progress (1): 0.8/1.4 MB
2026.03.16 20:47:58 INFO  Progress (1): 0.8/1.4 MB
2026.03.16 20:47:58 INFO  Progress (1): 0.8/1.4 MB
2026.03.16 20:47:58 INFO  Progress (1): 0.8/1.4 MB
2026.03.16 20:47:58 INFO  Progress (1): 0.9/1.4 MB
2026.03.16 20:47:58 INFO  Progress (1): 0.9/1.4 MB
2026.03.16 20:47:58 INFO  Progress (1): 0.9/1.4 MB
2026.03.16 20:47:58 INFO  Progress (1): 0.9/1.4 MB
2026.03.16 20:47:58 INFO  Progress (1): 0.9/1.4 MB
2026.03.16 20:47:58 INFO  Progress (1): 0.9/1.4 MB
2026.03.16 20:47:58 INFO  Progress (1): 1.0/1.4 MB
2026.03.16 20:47:58 INFO  Progress (1): 1.0/1.4 MB
2026.03.16 20:47:58 INFO  Progress (1): 1.0/1.4 MB
2026.03.16 20:47:58 INFO  Progress (1): 1.0/1.4 MB
2026.03.16 20:47:58 INFO  Progress (1): 1.0/1.4 MB
2026.03.16 20:47:58 INFO  Progress (1): 1.0/1.4 MB
2026.03.16 20:47:58 INFO  Progress (1): 1.1/1.4 MB
2026.03.16 20:47:58 INFO  Progress (1): 1.1/1.4 MB
2026.03.16 20:47:58 INFO  Progress (1): 1.1/1.4 MB
2026.03.16 20:47:58 INFO  Progress (1): 1.1/1.4 MB
2026.03.16 20:47:58 INFO  Progress (1): 1.1/1.4 MB
2026.03.16 20:47:58 INFO  Progress (1): 1.1/1.4 MB
2026.03.16 20:47:58 INFO  Progress (1): 1.1/1.4 MB
2026.03.16 20:47:58 INFO  Progress (1): 1.2/1.4 MB
2026.03.16 20:47:58 INFO  Progress (1): 1.2/1.4 MB
2026.03.16 20:47:58 INFO  Progress (1): 1.2/1.4 MB
2026.03.16 20:47:58 INFO  Progress (1): 1.2/1.4 MB
2026.03.16 20:47:58 INFO  Progress (1): 1.2/1.4 MB
2026.03.16 20:47:58 INFO  Progress (1): 1.2/1.4 MB
2026.03.16 20:47:58 INFO  Progress (1): 1.3/1.4 MB
2026.03.16 20:47:58 INFO  Progress (1): 1.3/1.4 MB
2026.03.16 20:47:58 INFO  Progress (1): 1.3/1.4 MB
2026.03.16 20:47:58 INFO  Progress (1): 1.3/1.4 MB
2026.03.16 20:47:58 INFO  Progress (1): 1.3/1.4 MB
2026.03.16 20:47:58 INFO  Progress (1): 1.3/1.4 MB
2026.03.16 20:47:58 INFO  Progress (1): 1.4/1.4 MB
2026.03.16 20:47:58 INFO  Progress (1): 1.4/1.4 MB
2026.03.16 20:47:58 INFO  Progress (1): 1.4/1.4 MB
2026.03.16 20:47:58 INFO  Progress (1): 1.4/1.4 MB
2026.03.16 20:47:58 INFO  Progress (1): 1.4 MB    
2026.03.16 20:47:58 INFO                      
2026.03.16 20:47:58 INFO  Downloaded from central: https://repo.maven.apache.org/maven2/net/bytebuddy/byte-buddy/1.15.11/byte-buddy-1.15.11-sources.jar (1.4 MB at 12 MB/s)
2026.03.16 20:47:58 INFO  [INFO] SUCCESS: net.bytebuddy:byte-buddy:jar:1.15.11:test (sources = true)
2026.03.16 20:47:58 INFO  [INFO] Resolving artifact: org.opentest4j:opentest4j:jar:1.3.0:test (sources = false)
2026.03.16 20:47:58 INFO  [INFO] SUCCESS: org.opentest4j:opentest4j:jar:1.3.0:test (sources = false)
2026.03.16 20:47:58 INFO  [INFO] Resolving artifact: org.opentest4j:opentest4j:jar:1.3.0:test (sources = true)
2026.03.16 20:47:58 INFO  [INFO] SUCCESS: org.opentest4j:opentest4j:jar:1.3.0:test (sources = true)
2026.03.16 20:47:58 INFO  [INFO] Resolving artifact: org.mockito:mockito-core:jar:5.15.2:test (sources = false)
2026.03.16 20:47:58 INFO  [INFO] SUCCESS: org.mockito:mockito-core:jar:5.15.2:test (sources = false)
2026.03.16 20:47:58 INFO  [INFO] Resolving artifact: org.mockito:mockito-core:jar:5.15.2:test (sources = true)
2026.03.16 20:47:58 INFO  Downloading from central: https://repo.maven.apache.org/maven2/org/mockito/mockito-core/5.15.2/mockito-core-5.15.2-sources.jar
2026.03.16 20:47:58 INFO  Progress (1): 7.7/543 kB
2026.03.16 20:47:58 INFO  Progress (1): 16/543 kB 
2026.03.16 20:47:58 INFO  Progress (1): 25/543 kB
2026.03.16 20:47:58 INFO  Progress (1): 41/543 kB
2026.03.16 20:47:58 INFO  Progress (1): 57/543 kB
2026.03.16 20:47:58 INFO  Progress (1): 74/543 kB
2026.03.16 20:47:58 INFO  Progress (1): 90/543 kB
2026.03.16 20:47:58 INFO  Progress (1): 106/543 kB
2026.03.16 20:47:58 INFO  Progress (1): 123/543 kB
2026.03.16 20:47:58 INFO  Progress (1): 139/543 kB
2026.03.16 20:47:58 INFO  Progress (1): 156/543 kB
2026.03.16 20:47:58 INFO  Progress (1): 172/543 kB
2026.03.16 20:47:58 INFO  Progress (1): 188/543 kB
2026.03.16 20:47:58 INFO  Progress (1): 205/543 kB
2026.03.16 20:47:58 INFO  Progress (1): 221/543 kB
2026.03.16 20:47:58 INFO  Progress (1): 238/543 kB
2026.03.16 20:47:58 INFO  Progress (1): 254/543 kB
2026.03.16 20:47:58 INFO  Progress (1): 270/543 kB
2026.03.16 20:47:58 INFO  Progress (1): 287/543 kB
2026.03.16 20:47:58 INFO  Progress (1): 303/543 kB
2026.03.16 20:47:58 INFO  Progress (1): 319/543 kB
2026.03.16 20:47:58 INFO  Progress (1): 335/543 kB
2026.03.16 20:47:58 INFO  Progress (1): 352/543 kB
2026.03.16 20:47:58 INFO  Progress (1): 368/543 kB
2026.03.16 20:47:58 INFO  Progress (1): 384/543 kB
2026.03.16 20:47:58 INFO  Progress (1): 401/543 kB
2026.03.16 20:47:58 INFO  Progress (1): 417/543 kB
2026.03.16 20:47:58 INFO  Progress (1): 434/543 kB
2026.03.16 20:47:58 INFO  Progress (1): 450/543 kB
2026.03.16 20:47:58 INFO  Progress (1): 466/543 kB
2026.03.16 20:47:58 INFO  Progress (1): 483/543 kB
2026.03.16 20:47:58 INFO  Progress (1): 499/543 kB
2026.03.16 20:47:58 INFO  Progress (1): 515/543 kB
2026.03.16 20:47:58 INFO  Progress (1): 532/543 kB
2026.03.16 20:47:58 INFO  Progress (1): 543 kB    
2026.03.16 20:47:58 INFO                      
2026.03.16 20:47:58 INFO  Downloaded from central: https://repo.maven.apache.org/maven2/org/mockito/mockito-core/5.15.2/mockito-core-5.15.2-sources.jar (543 kB at 9.5 MB/s)
2026.03.16 20:47:58 INFO  [INFO] SUCCESS: org.mockito:mockito-core:jar:5.15.2:test (sources = true)
2026.03.16 20:47:58 INFO  [INFO] Resolving artifact: org.junit.jupiter:junit-jupiter-api:jar:5.11.4:test (sources = false)
2026.03.16 20:47:58 INFO  [INFO] SUCCESS: org.junit.jupiter:junit-jupiter-api:jar:5.11.4:test (sources = false)
2026.03.16 20:47:58 INFO  [INFO] Resolving artifact: org.junit.jupiter:junit-jupiter-api:jar:5.11.4:test (sources = true)
2026.03.16 20:47:58 INFO  Downloading from central: https://repo.maven.apache.org/maven2/org/junit/jupiter/junit-jupiter-api/5.11.4/junit-jupiter-api-5.11.4-sources.jar
2026.03.16 20:47:58 INFO  Progress (1): 7.7/215 kB
2026.03.16 20:47:58 INFO  Progress (1): 16/215 kB 
2026.03.16 20:47:58 INFO  Progress (1): 29/215 kB
2026.03.16 20:47:58 INFO  Progress (1): 45/215 kB
2026.03.16 20:47:58 INFO  Progress (1): 61/215 kB
2026.03.16 20:47:58 INFO  Progress (1): 78/215 kB
2026.03.16 20:47:58 INFO  Progress (1): 94/215 kB
2026.03.16 20:47:58 INFO  Progress (1): 111/215 kB
2026.03.16 20:47:58 INFO  Progress (1): 127/215 kB
2026.03.16 20:47:58 INFO  Progress (1): 143/215 kB
2026.03.16 20:47:58 INFO  Progress (1): 160/215 kB
2026.03.16 20:47:58 INFO  Progress (1): 176/215 kB
2026.03.16 20:47:58 INFO  Progress (1): 193/215 kB
2026.03.16 20:47:58 INFO  Progress (1): 209/215 kB
2026.03.16 20:47:58 INFO  Progress (1): 215 kB    
2026.03.16 20:47:58 INFO                      
2026.03.16 20:47:58 INFO  Downloaded from central: https://repo.maven.apache.org/maven2/org/junit/jupiter/junit-jupiter-api/5.11.4/junit-jupiter-api-5.11.4-sources.jar (215 kB at 1.7 MB/s)
2026.03.16 20:47:58 INFO  [INFO] SUCCESS: org.junit.jupiter:junit-jupiter-api:jar:5.11.4:test (sources = true)
2026.03.16 20:47:58 INFO  [INFO] Resolving artifact: org.assertj:assertj-core:jar:3.27.3:test (sources = false)
2026.03.16 20:47:58 INFO  [INFO] SUCCESS: org.assertj:assertj-core:jar:3.27.3:test (sources = false)
2026.03.16 20:47:58 INFO  [INFO] Resolving artifact: org.assertj:assertj-core:jar:3.27.3:test (sources = true)
2026.03.16 20:47:58 INFO  Downloading from central: https://repo.maven.apache.org/maven2/org/assertj/assertj-core/3.27.3/assertj-core-3.27.3-sources.jar
2026.03.16 20:47:58 INFO  Progress (1): 0/1.4 MB
2026.03.16 20:47:58 INFO  Progress (1): 0/1.4 MB
2026.03.16 20:47:58 INFO  Progress (1): 0/1.4 MB
2026.03.16 20:47:58 INFO  Progress (1): 0/1.4 MB
2026.03.16 20:47:58 INFO  Progress (1): 0.1/1.4 MB
2026.03.16 20:47:58 INFO  Progress (1): 0.1/1.4 MB
2026.03.16 20:47:58 INFO  Progress (1): 0.1/1.4 MB
2026.03.16 20:47:58 INFO  Progress (1): 0.1/1.4 MB
2026.03.16 20:47:58 INFO  Progress (1): 0.1/1.4 MB
2026.03.16 20:47:58 INFO  Progress (1): 0.1/1.4 MB
2026.03.16 20:47:58 INFO  Progress (1): 0.2/1.4 MB
2026.03.16 20:47:58 INFO  Progress (1): 0.2/1.4 MB
2026.03.16 20:47:58 INFO  Progress (1): 0.2/1.4 MB
2026.03.16 20:47:58 INFO  Progress (1): 0.2/1.4 MB
2026.03.16 20:47:58 INFO  Progress (1): 0.2/1.4 MB
2026.03.16 20:47:58 INFO  Progress (1): 0.2/1.4 MB
2026.03.16 20:47:58 INFO  Progress (1): 0.3/1.4 MB
2026.03.16 20:47:58 INFO  Progress (1): 0.3/1.4 MB
2026.03.16 20:47:58 INFO  Progress (1): 0.3/1.4 MB
2026.03.16 20:47:58 INFO  Progress (1): 0.3/1.4 MB
2026.03.16 20:47:58 INFO  Progress (1): 0.3/1.4 MB
2026.03.16 20:47:58 INFO  Progress (1): 0.3/1.4 MB
2026.03.16 20:47:58 INFO  Progress (1): 0.4/1.4 MB
2026.03.16 20:47:58 INFO  Progress (1): 0.4/1.4 MB
2026.03.16 20:47:58 INFO  Progress (1): 0.4/1.4 MB
2026.03.16 20:47:58 INFO  Progress (1): 0.4/1.4 MB
2026.03.16 20:47:58 INFO  Progress (1): 0.4/1.4 MB
2026.03.16 20:47:58 INFO  Progress (1): 0.4/1.4 MB
2026.03.16 20:47:58 INFO  Progress (1): 0.5/1.4 MB
2026.03.16 20:47:58 INFO  Progress (1): 0.5/1.4 MB
2026.03.16 20:47:58 INFO  Progress (1): 0.5/1.4 MB
2026.03.16 20:47:58 INFO  Progress (1): 0.5/1.4 MB
2026.03.16 20:47:58 INFO  Progress (1): 0.5/1.4 MB
2026.03.16 20:47:58 INFO  Progress (1): 0.5/1.4 MB
2026.03.16 20:47:58 INFO  Progress (1): 0.5/1.4 MB
2026.03.16 20:47:58 INFO  Progress (1): 0.6/1.4 MB
2026.03.16 20:47:58 INFO  Progress (1): 0.6/1.4 MB
2026.03.16 20:47:58 INFO  Progress (1): 0.6/1.4 MB
2026.03.16 20:47:58 INFO  Progress (1): 0.6/1.4 MB
2026.03.16 20:47:58 INFO  Progress (1): 0.6/1.4 MB
2026.03.16 20:47:58 INFO  Progress (1): 0.6/1.4 MB
2026.03.16 20:47:58 INFO  Progress (1): 0.6/1.4 MB
2026.03.16 20:47:58 INFO  Progress (1): 0.7/1.4 MB
2026.03.16 20:47:58 INFO  Progress (1): 0.7/1.4 MB
2026.03.16 20:47:58 INFO  Progress (1): 0.7/1.4 MB
2026.03.16 20:47:58 INFO  Progress (1): 0.7/1.4 MB
2026.03.16 20:47:58 INFO  Progress (1): 0.7/1.4 MB
2026.03.16 20:47:58 INFO  Progress (1): 0.7/1.4 MB
2026.03.16 20:47:58 INFO  Progress (1): 0.8/1.4 MB
2026.03.16 20:47:58 INFO  Progress (1): 0.8/1.4 MB
2026.03.16 20:47:58 INFO  Progress (1): 0.8/1.4 MB
2026.03.16 20:47:58 INFO  Progress (1): 0.8/1.4 MB
2026.03.16 20:47:58 INFO  Progress (1): 0.8/1.4 MB
2026.03.16 20:47:58 INFO  Progress (1): 0.8/1.4 MB
2026.03.16 20:47:58 INFO  Progress (1): 0.9/1.4 MB
2026.03.16 20:47:58 INFO  Progress (1): 0.9/1.4 MB
2026.03.16 20:47:58 INFO  Progress (1): 0.9/1.4 MB
2026.03.16 20:47:58 INFO  Progress (1): 0.9/1.4 MB
2026.03.16 20:47:58 INFO  Progress (1): 0.9/1.4 MB
2026.03.16 20:47:58 INFO  Progress (1): 0.9/1.4 MB
2026.03.16 20:47:58 INFO  Progress (1): 1.0/1.4 MB
2026.03.16 20:47:58 INFO  Progress (1): 1.0/1.4 MB
2026.03.16 20:47:58 INFO  Progress (1): 1.0/1.4 MB
2026.03.16 20:47:58 INFO  Progress (1): 1.0/1.4 MB
2026.03.16 20:47:58 INFO  Progress (1): 1.0/1.4 MB
2026.03.16 20:47:58 INFO  Progress (1): 1.0/1.4 MB
2026.03.16 20:47:58 INFO  Progress (1): 1.1/1.4 MB
2026.03.16 20:47:58 INFO  Progress (1): 1.1/1.4 MB
2026.03.16 20:47:58 INFO  Progress (1): 1.1/1.4 MB
2026.03.16 20:47:58 INFO  Progress (1): 1.1/1.4 MB
2026.03.16 20:47:58 INFO  Progress (1): 1.1/1.4 MB
2026.03.16 20:47:58 INFO  Progress (1): 1.1/1.4 MB
2026.03.16 20:47:58 INFO  Progress (1): 1.2/1.4 MB
2026.03.16 20:47:58 INFO  Progress (1): 1.2/1.4 MB
2026.03.16 20:47:58 INFO  Progress (1): 1.2/1.4 MB
2026.03.16 20:47:58 INFO  Progress (1): 1.2/1.4 MB
2026.03.16 20:47:58 INFO  Progress (1): 1.2/1.4 MB
2026.03.16 20:47:58 INFO  Progress (1): 1.2/1.4 MB
2026.03.16 20:47:58 INFO  Progress (1): 1.3/1.4 MB
2026.03.16 20:47:58 INFO  Progress (1): 1.3/1.4 MB
2026.03.16 20:47:58 INFO  Progress (1): 1.3/1.4 MB
2026.03.16 20:47:58 INFO  Progress (1): 1.3/1.4 MB
2026.03.16 20:47:58 INFO  Progress (1): 1.3/1.4 MB
2026.03.16 20:47:58 INFO  Progress (1): 1.3/1.4 MB
2026.03.16 20:47:58 INFO  Progress (1): 1.4/1.4 MB
2026.03.16 20:47:58 INFO  Progress (1): 1.4/1.4 MB
2026.03.16 20:47:58 INFO  Progress (1): 1.4/1.4 MB
2026.03.16 20:47:58 INFO  Progress (1): 1.4/1.4 MB
2026.03.16 20:47:58 INFO  Progress (1): 1.4/1.4 MB
2026.03.16 20:47:58 INFO  Progress (1): 1.4/1.4 MB
2026.03.16 20:47:58 INFO  Progress (1): 1.4/1.4 MB
2026.03.16 20:47:58 INFO  Progress (1): 1.4 MB    
2026.03.16 20:47:58 INFO                      
2026.03.16 20:47:58 INFO  Downloaded from central: https://repo.maven.apache.org/maven2/org/assertj/assertj-core/3.27.3/assertj-core-3.27.3-sources.jar (1.4 MB at 13 MB/s)
2026.03.16 20:47:58 INFO  [INFO] SUCCESS: org.assertj:assertj-core:jar:3.27.3:test (sources = true)
2026.03.16 20:47:58 INFO  [INFO] Resolving artifact: org.hsqldb:hsqldb:jar:2.6.0:test (sources = false)
2026.03.16 20:47:58 INFO  [INFO] SUCCESS: org.hsqldb:hsqldb:jar:2.6.0:test (sources = false)
2026.03.16 20:47:58 INFO  [INFO] Resolving artifact: org.hsqldb:hsqldb:jar:2.6.0:test (sources = true)
2026.03.16 20:47:58 INFO  Downloading from central: https://repo.maven.apache.org/maven2/org/hsqldb/hsqldb/2.6.0/hsqldb-2.6.0-sources.jar
2026.03.16 20:47:58 INFO  Progress (1): 0/2.5 MB
2026.03.16 20:47:58 INFO  Progress (1): 0/2.5 MB
2026.03.16 20:47:58 INFO  Progress (1): 0/2.5 MB
2026.03.16 20:47:58 INFO  Progress (1): 0/2.5 MB
2026.03.16 20:47:58 INFO  Progress (1): 0.1/2.5 MB
2026.03.16 20:47:58 INFO  Progress (1): 0.1/2.5 MB
2026.03.16 20:47:58 INFO  Progress (1): 0.1/2.5 MB
2026.03.16 20:47:58 INFO  Progress (1): 0.1/2.5 MB
2026.03.16 20:47:58 INFO  Progress (1): 0.1/2.5 MB
2026.03.16 20:47:58 INFO  Progress (1): 0.1/2.5 MB
2026.03.16 20:47:58 INFO  Progress (1): 0.2/2.5 MB
2026.03.16 20:47:58 INFO  Progress (1): 0.2/2.5 MB
2026.03.16 20:47:58 INFO  Progress (1): 0.2/2.5 MB
2026.03.16 20:47:58 INFO  Progress (1): 0.2/2.5 MB
2026.03.16 20:47:58 INFO  Progress (1): 0.2/2.5 MB
2026.03.16 20:47:58 INFO  Progress (1): 0.2/2.5 MB
2026.03.16 20:47:58 INFO  Progress (1): 0.3/2.5 MB
2026.03.16 20:47:58 INFO  Progress (1): 0.3/2.5 MB
2026.03.16 20:47:58 INFO  Progress (1): 0.3/2.5 MB
2026.03.16 20:47:58 INFO  Progress (1): 0.3/2.5 MB
2026.03.16 20:47:58 INFO  Progress (1): 0.3/2.5 MB
2026.03.16 20:47:58 INFO  Progress (1): 0.3/2.5 MB
2026.03.16 20:47:58 INFO  Progress (1): 0.4/2.5 MB
2026.03.16 20:47:58 INFO  Progress (1): 0.4/2.5 MB
2026.03.16 20:47:58 INFO  Progress (1): 0.4/2.5 MB
2026.03.16 20:47:58 INFO  Progress (1): 0.4/2.5 MB
2026.03.16 20:47:58 INFO  Progress (1): 0.4/2.5 MB
2026.03.16 20:47:58 INFO  Progress (1): 0.4/2.5 MB
2026.03.16 20:47:58 INFO  Progress (1): 0.4/2.5 MB
2026.03.16 20:47:58 INFO  Progress (1): 0.5/2.5 MB
2026.03.16 20:47:58 INFO  Progress (1): 0.5/2.5 MB
2026.03.16 20:47:58 INFO  Progress (1): 0.5/2.5 MB
2026.03.16 20:47:58 INFO  Progress (1): 0.5/2.5 MB
2026.03.16 20:47:58 INFO  Progress (1): 0.5/2.5 MB
2026.03.16 20:47:58 INFO  Progress (1): 0.5/2.5 MB
2026.03.16 20:47:58 INFO  Progress (1): 0.6/2.5 MB
2026.03.16 20:47:58 INFO  Progress (1): 0.6/2.5 MB
2026.03.16 20:47:58 INFO  Progress (1): 0.6/2.5 MB
2026.03.16 20:47:58 INFO  Progress (1): 0.6/2.5 MB
2026.03.16 20:47:58 INFO  Progress (1): 0.6/2.5 MB
2026.03.16 20:47:58 INFO  Progress (1): 0.6/2.5 MB
2026.03.16 20:47:58 INFO  Progress (1): 0.7/2.5 MB
2026.03.16 20:47:58 INFO  Progress (1): 0.7/2.5 MB
2026.03.16 20:47:58 INFO  Progress (1): 0.7/2.5 MB
2026.03.16 20:47:58 INFO  Progress (1): 0.7/2.5 MB
2026.03.16 20:47:58 INFO  Progress (1): 0.7/2.5 MB
2026.03.16 20:47:58 INFO  Progress (1): 0.7/2.5 MB
2026.03.16 20:47:58 INFO  Progress (1): 0.8/2.5 MB
2026.03.16 20:47:58 INFO  Progress (1): 0.8/2.5 MB
2026.03.16 20:47:58 INFO  Progress (1): 0.8/2.5 MB
2026.03.16 20:47:58 INFO  Progress (1): 0.8/2.5 MB
2026.03.16 20:47:58 INFO  Progress (1): 0.8/2.5 MB
2026.03.16 20:47:58 INFO  Progress (1): 0.8/2.5 MB
2026.03.16 20:47:58 INFO  Progress (1): 0.8/2.5 MB
2026.03.16 20:47:58 INFO  Progress (1): 0.9/2.5 MB
2026.03.16 20:47:58 INFO  Progress (1): 0.9/2.5 MB
2026.03.16 20:47:58 INFO  Progress (1): 0.9/2.5 MB
2026.03.16 20:47:58 INFO  Progress (1): 0.9/2.5 MB
2026.03.16 20:47:58 INFO  Progress (1): 0.9/2.5 MB
2026.03.16 20:47:58 INFO  Progress (1): 0.9/2.5 MB
2026.03.16 20:47:58 INFO  Progress (1): 1.0/2.5 MB
2026.03.16 20:47:58 INFO  Progress (1): 1.0/2.5 MB
2026.03.16 20:47:58 INFO  Progress (1): 1.0/2.5 MB
2026.03.16 20:47:58 INFO  Progress (1): 1.0/2.5 MB
2026.03.16 20:47:58 INFO  Progress (1): 1.0/2.5 MB
2026.03.16 20:47:58 INFO  Progress (1): 1.0/2.5 MB
2026.03.16 20:47:58 INFO  Progress (1): 1.1/2.5 MB
2026.03.16 20:47:58 INFO  Progress (1): 1.1/2.5 MB
2026.03.16 20:47:58 INFO  Progress (1): 1.1/2.5 MB
2026.03.16 20:47:58 INFO  Progress (1): 1.1/2.5 MB
2026.03.16 20:47:58 INFO  Progress (1): 1.1/2.5 MB
2026.03.16 20:47:58 INFO  Progress (1): 1.1/2.5 MB
2026.03.16 20:47:58 INFO  Progress (1): 1.2/2.5 MB
2026.03.16 20:47:58 INFO  Progress (1): 1.2/2.5 MB
2026.03.16 20:47:58 INFO  Progress (1): 1.2/2.5 MB
2026.03.16 20:47:58 INFO  Progress (1): 1.2/2.5 MB
2026.03.16 20:47:58 INFO  Progress (1): 1.2/2.5 MB
2026.03.16 20:47:58 INFO  Progress (1): 1.2/2.5 MB
2026.03.16 20:47:58 INFO  Progress (1): 1.2/2.5 MB
2026.03.16 20:47:58 INFO  Progress (1): 1.3/2.5 MB
2026.03.16 20:47:58 INFO  Progress (1): 1.3/2.5 MB
2026.03.16 20:47:58 INFO  Progress (1): 1.3/2.5 MB
2026.03.16 20:47:58 INFO  Progress (1): 1.3/2.5 MB
2026.03.16 20:47:58 INFO  Progress (1): 1.3/2.5 MB
2026.03.16 20:47:58 INFO  Progress (1): 1.3/2.5 MB
2026.03.16 20:47:58 INFO  Progress (1): 1.4/2.5 MB
2026.03.16 20:47:58 INFO  Progress (1): 1.4/2.5 MB
2026.03.16 20:47:58 INFO  Progress (1): 1.4/2.5 MB
2026.03.16 20:47:58 INFO  Progress (1): 1.4/2.5 MB
2026.03.16 20:47:58 INFO  Progress (1): 1.4/2.5 MB
2026.03.16 20:47:58 INFO  Progress (1): 1.4/2.5 MB
2026.03.16 20:47:58 INFO  Progress (1): 1.5/2.5 MB
2026.03.16 20:47:58 INFO  Progress (1): 1.5/2.5 MB
2026.03.16 20:47:58 INFO  Progress (1): 1.5/2.5 MB
2026.03.16 20:47:58 INFO  Progress (1): 1.5/2.5 MB
2026.03.16 20:47:58 INFO  Progress (1): 1.5/2.5 MB
2026.03.16 20:47:58 INFO  Progress (1): 1.5/2.5 MB
2026.03.16 20:47:58 INFO  Progress (1): 1.6/2.5 MB
2026.03.16 20:47:58 INFO  Progress (1): 1.6/2.5 MB
2026.03.16 20:47:58 INFO  Progress (1): 1.6/2.5 MB
2026.03.16 20:47:58 INFO  Progress (1): 1.6/2.5 MB
2026.03.16 20:47:58 INFO  Progress (1): 1.6/2.5 MB
2026.03.16 20:47:58 INFO  Progress (1): 1.6/2.5 MB
2026.03.16 20:47:58 INFO  Progress (1): 1.7/2.5 MB
2026.03.16 20:47:58 INFO  Progress (1): 1.7/2.5 MB
2026.03.16 20:47:58 INFO  Progress (1): 1.7/2.5 MB
2026.03.16 20:47:58 INFO  Progress (1): 1.7/2.5 MB
2026.03.16 20:47:58 INFO  Progress (1): 1.7/2.5 MB
2026.03.16 20:47:58 INFO  Progress (1): 1.7/2.5 MB
2026.03.16 20:47:58 INFO  Progress (1): 1.8/2.5 MB
2026.03.16 20:47:58 INFO  Progress (1): 1.8/2.5 MB
2026.03.16 20:47:58 INFO  Progress (1): 1.8/2.5 MB
2026.03.16 20:47:58 INFO  Progress (1): 1.8/2.5 MB
2026.03.16 20:47:58 INFO  Progress (1): 1.8/2.5 MB
2026.03.16 20:47:58 INFO  Progress (1): 1.8/2.5 MB
2026.03.16 20:47:58 INFO  Progress (1): 1.9/2.5 MB
2026.03.16 20:47:58 INFO  Progress (1): 1.9/2.5 MB
2026.03.16 20:47:58 INFO  Progress (1): 1.9/2.5 MB
2026.03.16 20:47:58 INFO  Progress (1): 1.9/2.5 MB
2026.03.16 20:47:58 INFO  Progress (1): 1.9/2.5 MB
2026.03.16 20:47:58 INFO  Progress (1): 1.9/2.5 MB
2026.03.16 20:47:58 INFO  Progress (1): 1.9/2.5 MB
2026.03.16 20:47:58 INFO  Progress (1): 2.0/2.5 MB
2026.03.16 20:47:58 INFO  Progress (1): 2.0/2.5 MB
2026.03.16 20:47:58 INFO  Progress (1): 2.0/2.5 MB
2026.03.16 20:47:58 INFO  Progress (1): 2.0/2.5 MB
2026.03.16 20:47:58 INFO  Progress (1): 2.0/2.5 MB
2026.03.16 20:47:58 INFO  Progress (1): 2.0/2.5 MB
2026.03.16 20:47:58 INFO  Progress (1): 2.1/2.5 MB
2026.03.16 20:47:58 INFO  Progress (1): 2.1/2.5 MB
2026.03.16 20:47:58 INFO  Progress (1): 2.1/2.5 MB
2026.03.16 20:47:58 INFO  Progress (1): 2.1/2.5 MB
2026.03.16 20:47:58 INFO  Progress (1): 2.1/2.5 MB
2026.03.16 20:47:58 INFO  Progress (1): 2.1/2.5 MB
2026.03.16 20:47:58 INFO  Progress (1): 2.2/2.5 MB
2026.03.16 20:47:58 INFO  Progress (1): 2.2/2.5 MB
2026.03.16 20:47:58 INFO  Progress (1): 2.2/2.5 MB
2026.03.16 20:47:58 INFO  Progress (1): 2.2/2.5 MB
2026.03.16 20:47:58 INFO  Progress (1): 2.2/2.5 MB
2026.03.16 20:47:58 INFO  Progress (1): 2.2/2.5 MB
2026.03.16 20:47:58 INFO  Progress (1): 2.3/2.5 MB
2026.03.16 20:47:58 INFO  Progress (1): 2.3/2.5 MB
2026.03.16 20:47:58 INFO  Progress (1): 2.3/2.5 MB
2026.03.16 20:47:58 INFO  Progress (1): 2.3/2.5 MB
2026.03.16 20:47:58 INFO  Progress (1): 2.3/2.5 MB
2026.03.16 20:47:58 INFO  Progress (1): 2.3/2.5 MB
2026.03.16 20:47:58 INFO  Progress (1): 2.4/2.5 MB
2026.03.16 20:47:58 INFO  Progress (1): 2.4/2.5 MB
2026.03.16 20:47:58 INFO  Progress (1): 2.4/2.5 MB
2026.03.16 20:47:58 INFO  Progress (1): 2.4/2.5 MB
2026.03.16 20:47:58 INFO  Progress (1): 2.4/2.5 MB
2026.03.16 20:47:58 INFO  Progress (1): 2.4/2.5 MB
2026.03.16 20:47:58 INFO  Progress (1): 2.4/2.5 MB
2026.03.16 20:47:58 INFO  Progress (1): 2.5/2.5 MB
2026.03.16 20:47:58 INFO  Progress (1): 2.5 MB    
2026.03.16 20:47:58 INFO                      
2026.03.16 20:47:58 INFO  Downloaded from central: https://repo.maven.apache.org/maven2/org/hsqldb/hsqldb/2.6.0/hsqldb-2.6.0-sources.jar (2.5 MB at 14 MB/s)
2026.03.16 20:47:58 INFO  [INFO] SUCCESS: org.hsqldb:hsqldb:jar:2.6.0:test (sources = true)
2026.03.16 20:47:58 INFO  [INFO] Resolving artifact: org.junit.platform:junit-platform-commons:jar:1.11.4:test (sources = false)
2026.03.16 20:47:58 INFO  [INFO] SUCCESS: org.junit.platform:junit-platform-commons:jar:1.11.4:test (sources = false)
2026.03.16 20:47:58 INFO  [INFO] Resolving artifact: org.junit.platform:junit-platform-commons:jar:1.11.4:test (sources = true)
2026.03.16 20:47:58 INFO  Downloading from central: https://repo.maven.apache.org/maven2/org/junit/platform/junit-platform-commons/1.11.4/junit-platform-commons-1.11.4-sources.jar
2026.03.16 20:47:58 INFO  Progress (1): 7.7/97 kB
2026.03.16 20:47:58 INFO  Progress (1): 16/97 kB 
2026.03.16 20:47:58 INFO  Progress (1): 32/97 kB
2026.03.16 20:47:58 INFO  Progress (1): 49/97 kB
2026.03.16 20:47:58 INFO  Progress (1): 65/97 kB
2026.03.16 20:47:58 INFO  Progress (1): 81/97 kB
2026.03.16 20:47:58 INFO  Progress (1): 97 kB   
2026.03.16 20:47:58 INFO                     
2026.03.16 20:47:58 INFO  Downloaded from central: https://repo.maven.apache.org/maven2/org/junit/platform/junit-platform-commons/1.11.4/junit-platform-commons-1.11.4-sources.jar (97 kB at 1.9 MB/s)
2026.03.16 20:47:58 INFO  [INFO] SUCCESS: org.junit.platform:junit-platform-commons:jar:1.11.4:test (sources = true)
2026.03.16 20:47:58 INFO  [INFO] Resolving artifact: org.apiguardian:apiguardian-api:jar:1.1.2:test (sources = false)
2026.03.16 20:47:58 INFO  [INFO] SUCCESS: org.apiguardian:apiguardian-api:jar:1.1.2:test (sources = false)
2026.03.16 20:47:58 INFO  [INFO] Resolving artifact: org.apiguardian:apiguardian-api:jar:1.1.2:test (sources = true)
2026.03.16 20:47:58 INFO  [INFO] SUCCESS: org.apiguardian:apiguardian-api:jar:1.1.2:test (sources = true)
2026.03.16 20:47:58 INFO  [INFO] Resolving artifact: net.bytebuddy:byte-buddy-agent:jar:1.15.11:test (sources = false)
2026.03.16 20:47:58 INFO  [INFO] SUCCESS: net.bytebuddy:byte-buddy-agent:jar:1.15.11:test (sources = false)
2026.03.16 20:47:58 INFO  [INFO] Resolving artifact: net.bytebuddy:byte-buddy-agent:jar:1.15.11:test (sources = true)
2026.03.16 20:47:58 INFO  Downloading from central: https://repo.maven.apache.org/maven2/net/bytebuddy/byte-buddy-agent/1.15.11/byte-buddy-agent-1.15.11-sources.jar
2026.03.16 20:47:58 INFO  Progress (1): 7.7/207 kB
2026.03.16 20:47:58 INFO  Progress (1): 16/207 kB 
2026.03.16 20:47:58 INFO  Progress (1): 25/207 kB
2026.03.16 20:47:58 INFO  Progress (1): 41/207 kB
2026.03.16 20:47:58 INFO  Progress (1): 57/207 kB
2026.03.16 20:47:58 INFO  Progress (1): 74/207 kB
2026.03.16 20:47:58 INFO  Progress (1): 90/207 kB
2026.03.16 20:47:58 INFO  Progress (1): 106/207 kB
2026.03.16 20:47:58 INFO  Progress (1): 123/207 kB
2026.03.16 20:47:58 INFO  Progress (1): 139/207 kB
2026.03.16 20:47:58 INFO  Progress (1): 156/207 kB
2026.03.16 20:47:58 INFO  Progress (1): 172/207 kB
2026.03.16 20:47:58 INFO  Progress (1): 188/207 kB
2026.03.16 20:47:58 INFO  Progress (1): 205/207 kB
2026.03.16 20:47:58 INFO  Progress (1): 207 kB    
2026.03.16 20:47:58 INFO                      
2026.03.16 20:47:58 INFO  Downloaded from central: https://repo.maven.apache.org/maven2/net/bytebuddy/byte-buddy-agent/1.15.11/byte-buddy-agent-1.15.11-sources.jar (207 kB at 3.5 MB/s)
2026.03.16 20:47:58 INFO  [INFO] SUCCESS: net.bytebuddy:byte-buddy-agent:jar:1.15.11:test (sources = true)
2026.03.16 20:47:58 INFO  [INFO] Resolving artifact: org.objenesis:objenesis:jar:3.3:test (sources = false)
2026.03.16 20:47:58 INFO  [INFO] SUCCESS: org.objenesis:objenesis:jar:3.3:test (sources = false)
2026.03.16 20:47:58 INFO  [INFO] Resolving artifact: org.objenesis:objenesis:jar:3.3:test (sources = true)
2026.03.16 20:47:58 INFO  [INFO] SUCCESS: org.objenesis:objenesis:jar:3.3:test (sources = true)
2026.03.16 20:47:58 INFO  [INFO] Generated .bloop/Assignment5_code.json
2026.03.16 20:47:58 INFO  [INFO] Resolving artifact: net.bytebuddy:byte-buddy:jar:1.15.11:test (sources = false)
2026.03.16 20:47:58 INFO  [INFO] SUCCESS: net.bytebuddy:byte-buddy:jar:1.15.11:test (sources = false)
2026.03.16 20:47:58 INFO  [INFO] Resolving artifact: net.bytebuddy:byte-buddy:jar:1.15.11:test (sources = true)
2026.03.16 20:47:58 INFO  [INFO] SUCCESS: net.bytebuddy:byte-buddy:jar:1.15.11:test (sources = true)
2026.03.16 20:47:58 INFO  [INFO] Resolving artifact: org.opentest4j:opentest4j:jar:1.3.0:test (sources = false)
2026.03.16 20:47:58 INFO  [INFO] SUCCESS: org.opentest4j:opentest4j:jar:1.3.0:test (sources = false)
2026.03.16 20:47:58 INFO  [INFO] Resolving artifact: org.opentest4j:opentest4j:jar:1.3.0:test (sources = true)
2026.03.16 20:47:58 INFO  [INFO] SUCCESS: org.opentest4j:opentest4j:jar:1.3.0:test (sources = true)
2026.03.16 20:47:58 INFO  [INFO] Resolving artifact: org.mockito:mockito-core:jar:5.15.2:test (sources = false)
2026.03.16 20:47:58 INFO  [INFO] SUCCESS: org.mockito:mockito-core:jar:5.15.2:test (sources = false)
2026.03.16 20:47:58 INFO  [INFO] Resolving artifact: org.mockito:mockito-core:jar:5.15.2:test (sources = true)
2026.03.16 20:47:58 INFO  [INFO] SUCCESS: org.mockito:mockito-core:jar:5.15.2:test (sources = true)
2026.03.16 20:47:58 INFO  [INFO] Resolving artifact: org.junit.jupiter:junit-jupiter-api:jar:5.11.4:test (sources = false)
2026.03.16 20:47:58 INFO  [INFO] SUCCESS: org.junit.jupiter:junit-jupiter-api:jar:5.11.4:test (sources = false)
2026.03.16 20:47:58 INFO  [INFO] Resolving artifact: org.junit.jupiter:junit-jupiter-api:jar:5.11.4:test (sources = true)
2026.03.16 20:47:58 INFO  [INFO] SUCCESS: org.junit.jupiter:junit-jupiter-api:jar:5.11.4:test (sources = true)
2026.03.16 20:47:58 INFO  [INFO] Resolving artifact: org.assertj:assertj-core:jar:3.27.3:test (sources = false)
2026.03.16 20:47:58 INFO  [INFO] SUCCESS: org.assertj:assertj-core:jar:3.27.3:test (sources = false)
2026.03.16 20:47:58 INFO  [INFO] Resolving artifact: org.assertj:assertj-core:jar:3.27.3:test (sources = true)
2026.03.16 20:47:58 INFO  [INFO] SUCCESS: org.assertj:assertj-core:jar:3.27.3:test (sources = true)
2026.03.16 20:47:58 INFO  [INFO] Resolving artifact: org.hsqldb:hsqldb:jar:2.6.0:test (sources = false)
2026.03.16 20:47:58 INFO  [INFO] SUCCESS: org.hsqldb:hsqldb:jar:2.6.0:test (sources = false)
2026.03.16 20:47:58 INFO  [INFO] Resolving artifact: org.hsqldb:hsqldb:jar:2.6.0:test (sources = true)
2026.03.16 20:47:58 INFO  [INFO] SUCCESS: org.hsqldb:hsqldb:jar:2.6.0:test (sources = true)
2026.03.16 20:47:58 INFO  [INFO] Resolving artifact: org.junit.platform:junit-platform-commons:jar:1.11.4:test (sources = false)
2026.03.16 20:47:58 INFO  [INFO] SUCCESS: org.junit.platform:junit-platform-commons:jar:1.11.4:test (sources = false)
2026.03.16 20:47:58 INFO  [INFO] Resolving artifact: org.junit.platform:junit-platform-commons:jar:1.11.4:test (sources = true)
2026.03.16 20:47:58 INFO  [INFO] SUCCESS: org.junit.platform:junit-platform-commons:jar:1.11.4:test (sources = true)
2026.03.16 20:47:58 INFO  [INFO] Resolving artifact: org.apiguardian:apiguardian-api:jar:1.1.2:test (sources = false)
2026.03.16 20:47:58 INFO  [INFO] SUCCESS: org.apiguardian:apiguardian-api:jar:1.1.2:test (sources = false)
2026.03.16 20:47:58 INFO  [INFO] Resolving artifact: org.apiguardian:apiguardian-api:jar:1.1.2:test (sources = true)
2026.03.16 20:47:58 INFO  [INFO] SUCCESS: org.apiguardian:apiguardian-api:jar:1.1.2:test (sources = true)
2026.03.16 20:47:58 INFO  [INFO] Resolving artifact: net.bytebuddy:byte-buddy-agent:jar:1.15.11:test (sources = false)
2026.03.16 20:47:58 INFO  [INFO] SUCCESS: net.bytebuddy:byte-buddy-agent:jar:1.15.11:test (sources = false)
2026.03.16 20:47:58 INFO  [INFO] Resolving artifact: net.bytebuddy:byte-buddy-agent:jar:1.15.11:test (sources = true)
2026.03.16 20:47:58 INFO  [INFO] SUCCESS: net.bytebuddy:byte-buddy-agent:jar:1.15.11:test (sources = true)
2026.03.16 20:47:58 INFO  [INFO] Resolving artifact: org.objenesis:objenesis:jar:3.3:test (sources = false)
2026.03.16 20:47:58 INFO  [INFO] SUCCESS: org.objenesis:objenesis:jar:3.3:test (sources = false)
2026.03.16 20:47:58 INFO  [INFO] Resolving artifact: org.objenesis:objenesis:jar:3.3:test (sources = true)
2026.03.16 20:47:58 INFO  [INFO] SUCCESS: org.objenesis:objenesis:jar:3.3:test (sources = true)
2026.03.16 20:47:58 INFO  [INFO] Generated .bloop/Assignment5_code-test.json
2026.03.16 20:47:58 INFO  [INFO] ------------------------------------------------------------------------
2026.03.16 20:47:58 INFO  [INFO] BUILD SUCCESS
2026.03.16 20:47:58 INFO  [INFO] ------------------------------------------------------------------------
2026.03.16 20:47:58 INFO  [INFO] Total time:  6.031 s
2026.03.16 20:47:58 INFO  [INFO] Finished at: 2026-03-16T20:47:59-05:00
2026.03.16 20:47:58 INFO  [INFO] ------------------------------------------------------------------------
2026.03.16 20:47:59 INFO  time: ran 'mvn bloopInstall' in 9.98s
2026.03.16 20:47:59 INFO  Attempting to connect to the build server...
2026.03.16 20:47:59 INFO  Found a Bloop server running
2026.03.16 20:47:59 INFO  tracing is disabled for protocol BSP, to enable tracing of incoming and outgoing JSON messages create an empty file at /Users/armandocelaya/Downloads/SE333/assignment5/SE333_ASSIGNMENT5/.metals/bsp.trace.json or /Users/armandocelaya/Library/Caches/org.scalameta.metals/bsp.trace.json
2026.03.16 20:48:00 INFO  time: Connected to build server in 0.62s
2026.03.16 20:47:59 INFO  Connected to Build server: Bloop v2.0.19
Mar 16, 2026 8:48:05 PM org.eclipse.lsp4j.jsonrpc.services.GenericEndpoint notify
INFO: Unsupported notification method: $/setTrace
Mar 16, 2026 8:48:07 PM org.eclipse.lsp4j.jsonrpc.services.GenericEndpoint notify
INFO: Unsupported notification method: $/setTrace
2026.03.16 20:48:07 WARN  Using H2 2.4.240 which is newer than the version Flyway has been verified with. The latest verified version of H2 is 2.3.232.
2026.03.16 20:48:13 INFO  time: indexed workspace in 13s
2026.03.16 20:48:13 INFO  compiling assignment5_code (10 java sources)
2026.03.16 20:48:13 WARN  Unexpected javac output: error: invalid target release: 23
Usage: javac <options> <source files>
use --help for a list of possible options.
2026.03.16 20:48:13 WARN  javac exited with exit code 2
2026.03.16 20:48:13 INFO  time: compiled Assignment5_code in 0.48s
Mar 16, 2026 8:49:08 PM org.eclipse.lsp4j.jsonrpc.services.GenericEndpoint notify
INFO: Unsupported notification method: $/setTrace
2026.03.16 20:49:09 INFO  running '/Library/Java/JavaVirtualMachines/amazon-corretto-21.jdk/Contents/Home/bin/java -Dfile.encoding=UTF-8 -Dmaven.multiModuleProjectDirectory=/Users/armandocelaya/Downloads/SE333/assignment5/SE333_ASSIGNMENT5 -Dmaven.home=/var/folders/1z/t889_m2x1xqb6f2s754jfgl80000gn/T/metals15964724992946759952 -cp /var/folders/1z/t889_m2x1xqb6f2s754jfgl80000gn/T/metals15964724992946759952/maven-wrapper.jar org.apache.maven.wrapper.MavenWrapperMain generate-sources ch.epfl.scala:bloop-maven-plugin:2.0.3:bloopInstall -DdownloadSources=true'
Mar 16, 2026 8:49:12 PM org.eclipse.lsp4j.jsonrpc.RemoteEndpoint handleCancellation
WARNING: Unmatched cancel notification for request id 22
2026.03.16 20:49:13 INFO  [INFO] Scanning for projects...
2026.03.16 20:49:13 INFO  [INFO] 
2026.03.16 20:49:13 INFO  [INFO] --------------------< org.example:Assignment5_code >--------------------
2026.03.16 20:49:13 INFO  [INFO] Building Assignment5_code 1.0-SNAPSHOT
2026.03.16 20:49:13 INFO  [INFO]   from pom.xml
2026.03.16 20:49:13 INFO  [INFO] --------------------------------[ jar ]---------------------------------
2026.03.16 20:49:13 INFO  [INFO] 
2026.03.16 20:49:13 INFO  [INFO] --- jacoco:0.8.10:prepare-agent (default-prepare-agent) @ Assignment5_code ---
2026.03.16 20:49:13 INFO  [INFO] argLine set to -javaagent:/Users/armandocelaya/.m2/repository/org/jacoco/org.jacoco.agent/0.8.10/org.jacoco.agent-0.8.10-runtime.jar=destfile=/Users/armandocelaya/Downloads/SE333/assignment5/SE333_ASSIGNMENT5/target/jacoco.exec
2026.03.16 20:49:13 INFO  [INFO] 
2026.03.16 20:49:13 INFO  [INFO] --- bloop:2.0.3:bloopInstall (default-cli) @ Assignment5_code ---
2026.03.16 20:49:15 INFO  [ERROR] org.scala-lang:scala([0-9]?)-library is missing from project dependencies
2026.03.16 20:49:15 INFO  [ERROR] org.scala-lang:scala([0-9]?)-library is missing from project dependencies
2026.03.16 20:49:15 INFO  [INFO] Resolving artifact: net.bytebuddy:byte-buddy:jar:1.15.11:test (sources = false)
2026.03.16 20:49:15 INFO  [INFO] SUCCESS: net.bytebuddy:byte-buddy:jar:1.15.11:test (sources = false)
2026.03.16 20:49:15 INFO  [INFO] Resolving artifact: net.bytebuddy:byte-buddy:jar:1.15.11:test (sources = true)
2026.03.16 20:49:15 INFO  [INFO] SUCCESS: net.bytebuddy:byte-buddy:jar:1.15.11:test (sources = true)
2026.03.16 20:49:15 INFO  [INFO] Resolving artifact: org.opentest4j:opentest4j:jar:1.3.0:test (sources = false)
2026.03.16 20:49:15 INFO  [INFO] SUCCESS: org.opentest4j:opentest4j:jar:1.3.0:test (sources = false)
2026.03.16 20:49:15 INFO  [INFO] Resolving artifact: org.opentest4j:opentest4j:jar:1.3.0:test (sources = true)
2026.03.16 20:49:15 INFO  [INFO] SUCCESS: org.opentest4j:opentest4j:jar:1.3.0:test (sources = true)
2026.03.16 20:49:15 INFO  [INFO] Resolving artifact: org.mockito:mockito-core:jar:5.15.2:test (sources = false)
2026.03.16 20:49:15 INFO  [INFO] SUCCESS: org.mockito:mockito-core:jar:5.15.2:test (sources = false)
2026.03.16 20:49:15 INFO  [INFO] Resolving artifact: org.mockito:mockito-core:jar:5.15.2:test (sources = true)
2026.03.16 20:49:15 INFO  [INFO] SUCCESS: org.mockito:mockito-core:jar:5.15.2:test (sources = true)
2026.03.16 20:49:15 INFO  [INFO] Resolving artifact: org.junit.jupiter:junit-jupiter-api:jar:5.11.4:test (sources = false)
2026.03.16 20:49:15 INFO  [INFO] SUCCESS: org.junit.jupiter:junit-jupiter-api:jar:5.11.4:test (sources = false)
2026.03.16 20:49:15 INFO  [INFO] Resolving artifact: org.junit.jupiter:junit-jupiter-api:jar:5.11.4:test (sources = true)
2026.03.16 20:49:15 INFO  [INFO] SUCCESS: org.junit.jupiter:junit-jupiter-api:jar:5.11.4:test (sources = true)
2026.03.16 20:49:15 INFO  [INFO] Resolving artifact: org.assertj:assertj-core:jar:3.27.3:test (sources = false)
2026.03.16 20:49:15 INFO  [INFO] SUCCESS: org.assertj:assertj-core:jar:3.27.3:test (sources = false)
2026.03.16 20:49:15 INFO  [INFO] Resolving artifact: org.assertj:assertj-core:jar:3.27.3:test (sources = true)
2026.03.16 20:49:15 INFO  [INFO] SUCCESS: org.assertj:assertj-core:jar:3.27.3:test (sources = true)
2026.03.16 20:49:15 INFO  [INFO] Resolving artifact: org.hsqldb:hsqldb:jar:2.6.0:test (sources = false)
2026.03.16 20:49:15 INFO  [INFO] SUCCESS: org.hsqldb:hsqldb:jar:2.6.0:test (sources = false)
2026.03.16 20:49:15 INFO  [INFO] Resolving artifact: org.hsqldb:hsqldb:jar:2.6.0:test (sources = true)
2026.03.16 20:49:15 INFO  [INFO] SUCCESS: org.hsqldb:hsqldb:jar:2.6.0:test (sources = true)
2026.03.16 20:49:15 INFO  [INFO] Resolving artifact: org.junit.platform:junit-platform-commons:jar:1.11.4:test (sources = false)
2026.03.16 20:49:15 INFO  [INFO] SUCCESS: org.junit.platform:junit-platform-commons:jar:1.11.4:test (sources = false)
2026.03.16 20:49:15 INFO  [INFO] Resolving artifact: org.junit.platform:junit-platform-commons:jar:1.11.4:test (sources = true)
2026.03.16 20:49:15 INFO  [INFO] SUCCESS: org.junit.platform:junit-platform-commons:jar:1.11.4:test (sources = true)
2026.03.16 20:49:15 INFO  [INFO] Resolving artifact: org.apiguardian:apiguardian-api:jar:1.1.2:test (sources = false)
2026.03.16 20:49:15 INFO  [INFO] SUCCESS: org.apiguardian:apiguardian-api:jar:1.1.2:test (sources = false)
2026.03.16 20:49:15 INFO  [INFO] Resolving artifact: org.apiguardian:apiguardian-api:jar:1.1.2:test (sources = true)
2026.03.16 20:49:15 INFO  [INFO] SUCCESS: org.apiguardian:apiguardian-api:jar:1.1.2:test (sources = true)
2026.03.16 20:49:15 INFO  [INFO] Resolving artifact: net.bytebuddy:byte-buddy-agent:jar:1.15.11:test (sources = false)
2026.03.16 20:49:15 INFO  [INFO] SUCCESS: net.bytebuddy:byte-buddy-agent:jar:1.15.11:test (sources = false)
2026.03.16 20:49:15 INFO  [INFO] Resolving artifact: net.bytebuddy:byte-buddy-agent:jar:1.15.11:test (sources = true)
2026.03.16 20:49:15 INFO  [INFO] SUCCESS: net.bytebuddy:byte-buddy-agent:jar:1.15.11:test (sources = true)
2026.03.16 20:49:15 INFO  [INFO] Resolving artifact: org.objenesis:objenesis:jar:3.3:test (sources = false)
2026.03.16 20:49:15 INFO  [INFO] SUCCESS: org.objenesis:objenesis:jar:3.3:test (sources = false)
2026.03.16 20:49:15 INFO  [INFO] Resolving artifact: org.objenesis:objenesis:jar:3.3:test (sources = true)
2026.03.16 20:49:15 INFO  [INFO] SUCCESS: org.objenesis:objenesis:jar:3.3:test (sources = true)
2026.03.16 20:49:15 INFO  [INFO] Generated .bloop/Assignment5_code.json
2026.03.16 20:49:15 INFO  [INFO] Resolving artifact: net.bytebuddy:byte-buddy:jar:1.15.11:test (sources = false)
2026.03.16 20:49:15 INFO  [INFO] SUCCESS: net.bytebuddy:byte-buddy:jar:1.15.11:test (sources = false)
2026.03.16 20:49:15 INFO  [INFO] Resolving artifact: net.bytebuddy:byte-buddy:jar:1.15.11:test (sources = true)
2026.03.16 20:49:15 INFO  [INFO] SUCCESS: net.bytebuddy:byte-buddy:jar:1.15.11:test (sources = true)
2026.03.16 20:49:15 INFO  [INFO] Resolving artifact: org.opentest4j:opentest4j:jar:1.3.0:test (sources = false)
2026.03.16 20:49:15 INFO  [INFO] SUCCESS: org.opentest4j:opentest4j:jar:1.3.0:test (sources = false)
2026.03.16 20:49:15 INFO  [INFO] Resolving artifact: org.opentest4j:opentest4j:jar:1.3.0:test (sources = true)
2026.03.16 20:49:15 INFO  [INFO] SUCCESS: org.opentest4j:opentest4j:jar:1.3.0:test (sources = true)
2026.03.16 20:49:15 INFO  [INFO] Resolving artifact: org.mockito:mockito-core:jar:5.15.2:test (sources = false)
2026.03.16 20:49:15 INFO  [INFO] SUCCESS: org.mockito:mockito-core:jar:5.15.2:test (sources = false)
2026.03.16 20:49:15 INFO  [INFO] Resolving artifact: org.mockito:mockito-core:jar:5.15.2:test (sources = true)
2026.03.16 20:49:15 INFO  [INFO] SUCCESS: org.mockito:mockito-core:jar:5.15.2:test (sources = true)
2026.03.16 20:49:15 INFO  [INFO] Resolving artifact: org.junit.jupiter:junit-jupiter-api:jar:5.11.4:test (sources = false)
2026.03.16 20:49:15 INFO  [INFO] SUCCESS: org.junit.jupiter:junit-jupiter-api:jar:5.11.4:test (sources = false)
2026.03.16 20:49:15 INFO  [INFO] Resolving artifact: org.junit.jupiter:junit-jupiter-api:jar:5.11.4:test (sources = true)
2026.03.16 20:49:15 INFO  [INFO] SUCCESS: org.junit.jupiter:junit-jupiter-api:jar:5.11.4:test (sources = true)
2026.03.16 20:49:15 INFO  [INFO] Resolving artifact: org.assertj:assertj-core:jar:3.27.3:test (sources = false)
2026.03.16 20:49:15 INFO  [INFO] SUCCESS: org.assertj:assertj-core:jar:3.27.3:test (sources = false)
2026.03.16 20:49:15 INFO  [INFO] Resolving artifact: org.assertj:assertj-core:jar:3.27.3:test (sources = true)
2026.03.16 20:49:15 INFO  [INFO] SUCCESS: org.assertj:assertj-core:jar:3.27.3:test (sources = true)
2026.03.16 20:49:15 INFO  [INFO] Resolving artifact: org.hsqldb:hsqldb:jar:2.6.0:test (sources = false)
2026.03.16 20:49:15 INFO  [INFO] SUCCESS: org.hsqldb:hsqldb:jar:2.6.0:test (sources = false)
2026.03.16 20:49:15 INFO  [INFO] Resolving artifact: org.hsqldb:hsqldb:jar:2.6.0:test (sources = true)
2026.03.16 20:49:15 INFO  [INFO] SUCCESS: org.hsqldb:hsqldb:jar:2.6.0:test (sources = true)
2026.03.16 20:49:15 INFO  [INFO] Resolving artifact: org.junit.platform:junit-platform-commons:jar:1.11.4:test (sources = false)
2026.03.16 20:49:15 INFO  [INFO] SUCCESS: org.junit.platform:junit-platform-commons:jar:1.11.4:test (sources = false)
2026.03.16 20:49:15 INFO  [INFO] Resolving artifact: org.junit.platform:junit-platform-commons:jar:1.11.4:test (sources = true)
2026.03.16 20:49:15 INFO  [INFO] SUCCESS: org.junit.platform:junit-platform-commons:jar:1.11.4:test (sources = true)
2026.03.16 20:49:15 INFO  [INFO] Resolving artifact: org.apiguardian:apiguardian-api:jar:1.1.2:test (sources = false)
2026.03.16 20:49:15 INFO  [INFO] SUCCESS: org.apiguardian:apiguardian-api:jar:1.1.2:test (sources = false)
2026.03.16 20:49:15 INFO  [INFO] Resolving artifact: org.apiguardian:apiguardian-api:jar:1.1.2:test (sources = true)
2026.03.16 20:49:15 INFO  [INFO] SUCCESS: org.apiguardian:apiguardian-api:jar:1.1.2:test (sources = true)
2026.03.16 20:49:15 INFO  [INFO] Resolving artifact: net.bytebuddy:byte-buddy-agent:jar:1.15.11:test (sources = false)
2026.03.16 20:49:15 INFO  [INFO] SUCCESS: net.bytebuddy:byte-buddy-agent:jar:1.15.11:test (sources = false)
2026.03.16 20:49:15 INFO  [INFO] Resolving artifact: net.bytebuddy:byte-buddy-agent:jar:1.15.11:test (sources = true)
2026.03.16 20:49:15 INFO  [INFO] SUCCESS: net.bytebuddy:byte-buddy-agent:jar:1.15.11:test (sources = true)
2026.03.16 20:49:15 INFO  [INFO] Resolving artifact: org.objenesis:objenesis:jar:3.3:test (sources = false)
2026.03.16 20:49:15 INFO  [INFO] SUCCESS: org.objenesis:objenesis:jar:3.3:test (sources = false)
2026.03.16 20:49:15 INFO  [INFO] Resolving artifact: org.objenesis:objenesis:jar:3.3:test (sources = true)
2026.03.16 20:49:15 INFO  [INFO] SUCCESS: org.objenesis:objenesis:jar:3.3:test (sources = true)
2026.03.16 20:49:15 INFO  [INFO] Generated .bloop/Assignment5_code-test.json
2026.03.16 20:49:15 INFO  [INFO] ------------------------------------------------------------------------
2026.03.16 20:49:15 INFO  [INFO] BUILD SUCCESS
2026.03.16 20:49:15 INFO  [INFO] ------------------------------------------------------------------------
2026.03.16 20:49:15 INFO  [INFO] Total time:  2.114 s
2026.03.16 20:49:15 INFO  [INFO] Finished at: 2026-03-16T20:49:15-05:00
2026.03.16 20:49:15 INFO  [INFO] ------------------------------------------------------------------------
2026.03.16 20:49:15 INFO  time: ran 'mvn bloopInstall' in 5.4s
2026.03.16 20:49:15 INFO  Disconnecting from Bloop session...
2026.03.16 20:49:15 INFO  Shut down connection with build server.
2026.03.16 20:49:15 INFO  Attempting to connect to the build server...
2026.03.16 20:49:15 INFO  Found a Bloop server running
2026.03.16 20:49:15 INFO  tracing is disabled for protocol BSP, to enable tracing of incoming and outgoing JSON messages create an empty file at /Users/armandocelaya/Downloads/SE333/assignment5/SE333_ASSIGNMENT5/.metals/bsp.trace.json or /Users/armandocelaya/Library/Caches/org.scalameta.metals/bsp.trace.json
2026.03.16 20:49:16 INFO  time: Connected to build server in 0.32s
2026.03.16 20:49:15 INFO  Connected to Build server: Bloop v2.0.19
2026.03.16 20:49:21 INFO  time: indexed workspace in 5.48s
2026.03.16 20:49:21 INFO  compiling assignment5_code (10 java sources)
2026.03.16 20:49:24 INFO  compiling assignment5_code-test (2 java sources)
2026.03.16 20:49:24 INFO  time: compiled Assignment5_code in 2.43s
2026.03.16 20:49:28 INFO  time: compiled Assignment5_code-test in 4.02s
